{"C:\\Users\\Gustavo H. Martins\\tcc\\frontend-sindigo\\frontend\\src\\App.tsx": {"path":"C:\\Users\\Gustavo H. Martins\\tcc\\frontend-sindigo\\frontend\\src\\App.tsx","statementMap":{"0":{"start":{"line":24,"column":8},"end":{"line":24,"column":null}},"1":{"start":{"line":25,"column":48},"end":{"line":25,"column":null}},"2":{"start":{"line":26,"column":34},"end":{"line":26,"column":null}},"3":{"start":{"line":28,"column":2},"end":{"line":37,"column":null}},"4":{"start":{"line":29,"column":4},"end":{"line":33,"column":null}},"5":{"start":{"line":30,"column":6},"end":{"line":30,"column":null}},"6":{"start":{"line":32,"column":6},"end":{"line":32,"column":null}},"7":{"start":{"line":34,"column":4},"end":{"line":36,"column":null}},"8":{"start":{"line":35,"column":6},"end":{"line":35,"column":null}},"9":{"start":{"line":39,"column":2},"end":{"line":61,"column":null}},"10":{"start":{"line":44,"column":29},"end":{"line":44,"column":null}},"11":{"start":{"line":45,"column":39},"end":{"line":45,"column":null}},"12":{"start":{"line":54,"column":25},"end":{"line":54,"column":null}},"13":{"start":{"line":56,"column":12},"end":{"line":56,"column":null}},"14":{"start":{"line":57,"column":12},"end":{"line":57,"column":null}},"15":{"start":{"line":57,"column":34},"end":{"line":57,"column":42}},"16":{"start":{"line":66,"column":2},"end":{"line":73,"column":null}},"17":{"start":{"line":67,"column":23},"end":{"line":67,"column":null}},"18":{"start":{"line":68,"column":4},"end":{"line":72,"column":null}},"19":{"start":{"line":69,"column":6},"end":{"line":69,"column":null}},"20":{"start":{"line":71,"column":6},"end":{"line":71,"column":null}},"21":{"start":{"line":75,"column":2},"end":{"line":112,"column":null}}},"fnMap":{"0":{"name":"AppLayout","decl":{"start":{"line":23,"column":9},"end":{"line":23,"column":21}},"loc":{"start":{"line":23,"column":21},"end":{"line":63,"column":null}},"line":23},"1":{"name":"(anonymous_1)","decl":{"start":{"line":28,"column":12},"end":{"line":28,"column":18}},"loc":{"start":{"line":28,"column":18},"end":{"line":37,"column":5}},"line":28},"2":{"name":"(anonymous_2)","decl":{"start":{"line":34,"column":11},"end":{"line":34,"column":17}},"loc":{"start":{"line":34,"column":17},"end":{"line":36,"column":null}},"line":34},"3":{"name":"(anonymous_3)","decl":{"start":{"line":44,"column":23},"end":{"line":44,"column":29}},"loc":{"start":{"line":44,"column":29},"end":{"line":44,"column":null}},"line":44},"4":{"name":"(anonymous_4)","decl":{"start":{"line":45,"column":33},"end":{"line":45,"column":39}},"loc":{"start":{"line":45,"column":39},"end":{"line":45,"column":null}},"line":45},"5":{"name":"(anonymous_5)","decl":{"start":{"line":54,"column":19},"end":{"line":54,"column":25}},"loc":{"start":{"line":54,"column":25},"end":{"line":54,"column":null}},"line":54},"6":{"name":"(anonymous_6)","decl":{"start":{"line":55,"column":21},"end":{"line":55,"column":27}},"loc":{"start":{"line":55,"column":27},"end":{"line":58,"column":null}},"line":55},"7":{"name":"(anonymous_7)","decl":{"start":{"line":57,"column":26},"end":{"line":57,"column":34}},"loc":{"start":{"line":57,"column":34},"end":{"line":57,"column":42}},"line":57},"8":{"name":"App","decl":{"start":{"line":65,"column":9},"end":{"line":65,"column":15}},"loc":{"start":{"line":65,"column":15},"end":{"line":114,"column":null}},"line":65},"9":{"name":"(anonymous_9)","decl":{"start":{"line":66,"column":12},"end":{"line":66,"column":18}},"loc":{"start":{"line":66,"column":18},"end":{"line":73,"column":5}},"line":66}},"branchMap":{"0":{"loc":{"start":{"line":29,"column":4},"end":{"line":33,"column":null}},"type":"if","locations":[{"start":{"line":29,"column":4},"end":{"line":33,"column":null}},{"start":{"line":31,"column":11},"end":{"line":33,"column":null}}],"line":29},"1":{"loc":{"start":{"line":52,"column":7},"end":{"line":59,"column":null}},"type":"binary-expr","locations":[{"start":{"line":52,"column":7},"end":{"line":52,"column":null}},{"start":{"line":53,"column":8},"end":{"line":59,"column":null}}],"line":52},"2":{"loc":{"start":{"line":68,"column":4},"end":{"line":72,"column":null}},"type":"if","locations":[{"start":{"line":68,"column":4},"end":{"line":72,"column":null}},{"start":{"line":70,"column":11},"end":{"line":72,"column":null}}],"line":68}},"s":{"0":0,"1":0,"2":0,"3":0,"4":0,"5":0,"6":0,"7":0,"8":0,"9":0,"10":0,"11":0,"12":0,"13":0,"14":0,"15":0,"16":0,"17":0,"18":0,"19":0,"20":0,"21":0},"f":{"0":0,"1":0,"2":0,"3":0,"4":0,"5":0,"6":0,"7":0,"8":0,"9":0},"b":{"0":[0,0],"1":[0,0],"2":[0,0]},"meta":{"lastBranch":3,"lastFunction":10,"lastStatement":22,"seen":{"f:23:9:23:21":0,"s:24:8:24:Infinity":0,"s:25:48:25:Infinity":1,"s:26:34:26:Infinity":2,"s:28:2:37:Infinity":3,"f:28:12:28:18":1,"b:29:4:33:Infinity:31:11:33:Infinity":0,"s:29:4:33:Infinity":4,"s:30:6:30:Infinity":5,"s:32:6:32:Infinity":6,"s:34:4:36:Infinity":7,"f:34:11:34:17":2,"s:35:6:35:Infinity":8,"s:39:2:61:Infinity":9,"f:44:23:44:29":3,"s:44:29:44:Infinity":10,"f:45:33:45:39":4,"s:45:39:45:Infinity":11,"b:52:7:52:Infinity:53:8:59:Infinity":1,"f:54:19:54:25":5,"s:54:25:54:Infinity":12,"f:55:21:55:27":6,"s:56:12:56:Infinity":13,"s:57:12:57:Infinity":14,"f:57:26:57:34":7,"s:57:34:57:42":15,"f:65:9:65:15":8,"s:66:2:73:Infinity":16,"f:66:12:66:18":9,"s:67:23:67:Infinity":17,"b:68:4:72:Infinity:70:11:72:Infinity":2,"s:68:4:72:Infinity":18,"s:69:6:69:Infinity":19,"s:71:6:71:Infinity":20,"s:75:2:112:Infinity":21},"fnNames":{}}}
,"C:\\Users\\Gustavo H. Martins\\tcc\\frontend-sindigo\\frontend\\src\\components\\AdminAuditPage.tsx": {"path":"C:\\Users\\Gustavo H. Martins\\tcc\\frontend-sindigo\\frontend\\src\\components\\AdminAuditPage.tsx","statementMap":{"0":{"start":{"line":21,"column":40},"end":{"line":940,"column":null}},"1":{"start":{"line":22,"column":22},"end":{"line":22,"column":null}},"2":{"start":{"line":23,"column":28},"end":{"line":23,"column":null}},"3":{"start":{"line":24,"column":38},"end":{"line":24,"column":null}},"4":{"start":{"line":25,"column":42},"end":{"line":25,"column":null}},"5":{"start":{"line":26,"column":34},"end":{"line":26,"column":null}},"6":{"start":{"line":27,"column":36},"end":{"line":27,"column":null}},"7":{"start":{"line":30,"column":36},"end":{"line":30,"column":null}},"8":{"start":{"line":31,"column":42},"end":{"line":31,"column":null}},"9":{"start":{"line":34,"column":30},"end":{"line":34,"column":null}},"10":{"start":{"line":36,"column":20},"end":{"line":47,"column":null}},"11":{"start":{"line":37,"column":4},"end":{"line":37,"column":null}},"12":{"start":{"line":38,"column":4},"end":{"line":46,"column":null}},"13":{"start":{"line":39,"column":23},"end":{"line":39,"column":null}},"14":{"start":{"line":40,"column":19},"end":{"line":40,"column":null}},"15":{"start":{"line":41,"column":6},"end":{"line":41,"column":null}},"16":{"start":{"line":43,"column":6},"end":{"line":43,"column":null}},"17":{"start":{"line":45,"column":6},"end":{"line":45,"column":null}},"18":{"start":{"line":49,"column":2},"end":{"line":51,"column":null}},"19":{"start":{"line":50,"column":4},"end":{"line":50,"column":null}},"20":{"start":{"line":54,"column":2},"end":{"line":56,"column":null}},"21":{"start":{"line":55,"column":4},"end":{"line":55,"column":null}},"22":{"start":{"line":58,"column":25},"end":{"line":72,"column":null}},"23":{"start":{"line":59,"column":4},"end":{"line":71,"column":null}},"24":{"start":{"line":62,"column":8},"end":{"line":62,"column":null}},"25":{"start":{"line":65,"column":8},"end":{"line":65,"column":null}},"26":{"start":{"line":68,"column":8},"end":{"line":68,"column":null}},"27":{"start":{"line":70,"column":8},"end":{"line":70,"column":null}},"28":{"start":{"line":74,"column":25},"end":{"line":81,"column":null}},"29":{"start":{"line":75,"column":4},"end":{"line":80,"column":null}},"30":{"start":{"line":76,"column":21},"end":{"line":76,"column":null}},"31":{"start":{"line":77,"column":21},"end":{"line":77,"column":null}},"32":{"start":{"line":78,"column":21},"end":{"line":78,"column":null}},"33":{"start":{"line":79,"column":15},"end":{"line":79,"column":null}},"34":{"start":{"line":83,"column":25},"end":{"line":88,"column":null}},"35":{"start":{"line":84,"column":4},"end":{"line":84,"column":null}},"36":{"start":{"line":84,"column":39},"end":{"line":84,"column":null}},"37":{"start":{"line":85,"column":4},"end":{"line":85,"column":null}},"38":{"start":{"line":85,"column":39},"end":{"line":85,"column":null}},"39":{"start":{"line":86,"column":4},"end":{"line":86,"column":null}},"40":{"start":{"line":86,"column":23},"end":{"line":86,"column":null}},"41":{"start":{"line":87,"column":4},"end":{"line":87,"column":null}},"42":{"start":{"line":90,"column":27},"end":{"line":114,"column":null}},"43":{"start":{"line":91,"column":4},"end":{"line":91,"column":null}},"44":{"start":{"line":91,"column":19},"end":{"line":91,"column":null}},"45":{"start":{"line":93,"column":4},"end":{"line":111,"column":null}},"46":{"start":{"line":94,"column":21},"end":{"line":94,"column":null}},"47":{"start":{"line":95,"column":6},"end":{"line":108,"column":null}},"48":{"start":{"line":96,"column":8},"end":{"line":106,"column":null}},"49":{"start":{"line":99,"column":14},"end":{"line":104,"column":null}},"50":{"start":{"line":113,"column":4},"end":{"line":113,"column":null}},"51":{"start":{"line":116,"column":25},"end":{"line":127,"column":null}},"52":{"start":{"line":117,"column":4},"end":{"line":117,"column":null}},"53":{"start":{"line":117,"column":18},"end":{"line":117,"column":null}},"54":{"start":{"line":119,"column":4},"end":{"line":122,"column":null}},"55":{"start":{"line":120,"column":67},"end":{"line":120,"column":null}},"56":{"start":{"line":121,"column":6},"end":{"line":121,"column":null}},"57":{"start":{"line":124,"column":14},"end":{"line":124,"column":null}},"58":{"start":{"line":125,"column":4},"end":{"line":125,"column":null}},"59":{"start":{"line":125,"column":28},"end":{"line":125,"column":null}},"60":{"start":{"line":126,"column":4},"end":{"line":126,"column":null}},"61":{"start":{"line":129,"column":27},"end":{"line":140,"column":null}},"62":{"start":{"line":130,"column":20},"end":{"line":130,"column":null}},"63":{"start":{"line":131,"column":4},"end":{"line":134,"column":null}},"64":{"start":{"line":132,"column":27},"end":{"line":132,"column":null}},"65":{"start":{"line":133,"column":6},"end":{"line":133,"column":null}},"66":{"start":{"line":135,"column":4},"end":{"line":138,"column":null}},"67":{"start":{"line":136,"column":27},"end":{"line":136,"column":null}},"68":{"start":{"line":137,"column":6},"end":{"line":137,"column":null}},"69":{"start":{"line":139,"column":4},"end":{"line":139,"column":null}},"70":{"start":{"line":142,"column":23},"end":{"line":146,"column":null}},"71":{"start":{"line":143,"column":18},"end":{"line":143,"column":null}},"72":{"start":{"line":144,"column":16},"end":{"line":144,"column":null}},"73":{"start":{"line":145,"column":4},"end":{"line":145,"column":null}},"74":{"start":{"line":148,"column":23},"end":{"line":153,"column":null}},"75":{"start":{"line":149,"column":4},"end":{"line":149,"column":null}},"76":{"start":{"line":150,"column":4},"end":{"line":150,"column":null}},"77":{"start":{"line":151,"column":4},"end":{"line":151,"column":null}},"78":{"start":{"line":152,"column":4},"end":{"line":152,"column":null}},"79":{"start":{"line":152,"column":21},"end":{"line":152,"column":38}},"80":{"start":{"line":156,"column":23},"end":{"line":178,"column":null}},"81":{"start":{"line":157,"column":4},"end":{"line":159,"column":null}},"82":{"start":{"line":158,"column":6},"end":{"line":158,"column":null}},"83":{"start":{"line":160,"column":4},"end":{"line":162,"column":null}},"84":{"start":{"line":161,"column":6},"end":{"line":161,"column":null}},"85":{"start":{"line":163,"column":4},"end":{"line":176,"column":null}},"86":{"start":{"line":164,"column":19},"end":{"line":164,"column":null}},"87":{"start":{"line":165,"column":25},"end":{"line":165,"column":null}},"88":{"start":{"line":166,"column":26},"end":{"line":166,"column":null}},"89":{"start":{"line":167,"column":32},"end":{"line":167,"column":null}},"90":{"start":{"line":168,"column":30},"end":{"line":168,"column":null}},"91":{"start":{"line":169,"column":26},"end":{"line":169,"column":null}},"92":{"start":{"line":170,"column":22},"end":{"line":170,"column":null}},"93":{"start":{"line":171,"column":29},"end":{"line":171,"column":null}},"94":{"start":{"line":173,"column":6},"end":{"line":175,"column":null}},"95":{"start":{"line":174,"column":8},"end":{"line":174,"column":null}},"96":{"start":{"line":177,"column":4},"end":{"line":177,"column":null}},"97":{"start":{"line":181,"column":28},"end":{"line":181,"column":null}},"98":{"start":{"line":182,"column":29},"end":{"line":182,"column":null}},"99":{"start":{"line":183,"column":25},"end":{"line":183,"column":null}},"100":{"start":{"line":184,"column":21},"end":{"line":184,"column":null}},"101":{"start":{"line":186,"column":2},"end":{"line":938,"column":null}},"102":{"start":{"line":213,"column":33},"end":{"line":213,"column":null}},"103":{"start":{"line":222,"column":31},"end":{"line":222,"column":null}},"104":{"start":{"line":234,"column":31},"end":{"line":234,"column":null}},"105":{"start":{"line":249,"column":18},"end":{"line":249,"column":null}},"106":{"start":{"line":250,"column":18},"end":{"line":250,"column":null}},"107":{"start":{"line":251,"column":18},"end":{"line":251,"column":null}},"108":{"start":{"line":305,"column":41},"end":{"line":305,"column":null}},"109":{"start":{"line":306,"column":31},"end":{"line":306,"column":null}},"110":{"start":{"line":307,"column":34},"end":{"line":307,"column":null}},"111":{"start":{"line":308,"column":20},"end":{"line":414,"column":null}},"112":{"start":{"line":379,"column":48},"end":{"line":379,"column":null}},"113":{"start":{"line":407,"column":43},"end":{"line":407,"column":null}},"114":{"start":{"line":437,"column":22},"end":{"line":437,"column":null}},"115":{"start":{"line":438,"column":22},"end":{"line":438,"column":null}},"116":{"start":{"line":450,"column":35},"end":{"line":450,"column":null}},"117":{"start":{"line":450,"column":58},"end":{"line":450,"column":79}},"118":{"start":{"line":460,"column":35},"end":{"line":460,"column":null}},"119":{"start":{"line":460,"column":58},"end":{"line":460,"column":88}},"120":{"start":{"line":474,"column":84},"end":{"line":474,"column":null}},"121":{"start":{"line":475,"column":56},"end":{"line":475,"column":null}},"122":{"start":{"line":484,"column":39},"end":{"line":484,"column":61}},"123":{"start":{"line":552,"column":42},"end":{"line":552,"column":null}},"124":{"start":{"line":617,"column":63},"end":{"line":617,"column":85}}},"fnMap":{"0":{"name":"(anonymous_0)","decl":{"start":{"line":21,"column":40},"end":{"line":21,"column":46}},"loc":{"start":{"line":21,"column":46},"end":{"line":940,"column":null}},"line":21},"1":{"name":"(anonymous_1)","decl":{"start":{"line":36,"column":20},"end":{"line":36,"column":32}},"loc":{"start":{"line":36,"column":32},"end":{"line":47,"column":null}},"line":36},"2":{"name":"(anonymous_2)","decl":{"start":{"line":49,"column":12},"end":{"line":49,"column":18}},"loc":{"start":{"line":49,"column":18},"end":{"line":51,"column":5}},"line":49},"3":{"name":"(anonymous_3)","decl":{"start":{"line":54,"column":12},"end":{"line":54,"column":18}},"loc":{"start":{"line":54,"column":18},"end":{"line":56,"column":5}},"line":54},"4":{"name":"(anonymous_4)","decl":{"start":{"line":58,"column":25},"end":{"line":58,"column":26}},"loc":{"start":{"line":58,"column":45},"end":{"line":72,"column":null}},"line":58},"5":{"name":"(anonymous_5)","decl":{"start":{"line":74,"column":25},"end":{"line":74,"column":26}},"loc":{"start":{"line":74,"column":45},"end":{"line":81,"column":null}},"line":74},"6":{"name":"(anonymous_6)","decl":{"start":{"line":83,"column":25},"end":{"line":83,"column":26}},"loc":{"start":{"line":83,"column":45},"end":{"line":88,"column":null}},"line":83},"7":{"name":"(anonymous_7)","decl":{"start":{"line":90,"column":27},"end":{"line":90,"column":28}},"loc":{"start":{"line":90,"column":49},"end":{"line":114,"column":null}},"line":90},"8":{"name":"(anonymous_8)","decl":{"start":{"line":98,"column":40},"end":{"line":98,"column":41}},"loc":{"start":{"line":99,"column":14},"end":{"line":104,"column":null}},"line":99},"9":{"name":"(anonymous_9)","decl":{"start":{"line":116,"column":25},"end":{"line":116,"column":26}},"loc":{"start":{"line":116,"column":43},"end":{"line":127,"column":null}},"line":116},"10":{"name":"(anonymous_10)","decl":{"start":{"line":129,"column":27},"end":{"line":129,"column":28}},"loc":{"start":{"line":129,"column":45},"end":{"line":140,"column":null}},"line":129},"11":{"name":"(anonymous_11)","decl":{"start":{"line":142,"column":23},"end":{"line":142,"column":24}},"loc":{"start":{"line":142,"column":42},"end":{"line":146,"column":null}},"line":142},"12":{"name":"(anonymous_12)","decl":{"start":{"line":148,"column":23},"end":{"line":148,"column":24}},"loc":{"start":{"line":148,"column":62},"end":{"line":153,"column":null}},"line":148},"13":{"name":"(anonymous_13)","decl":{"start":{"line":152,"column":15},"end":{"line":152,"column":21}},"loc":{"start":{"line":152,"column":21},"end":{"line":152,"column":38}},"line":152},"14":{"name":"(anonymous_14)","decl":{"start":{"line":156,"column":35},"end":{"line":156,"column":42}},"loc":{"start":{"line":156,"column":42},"end":{"line":178,"column":3}},"line":156},"15":{"name":"(anonymous_15)","decl":{"start":{"line":213,"column":26},"end":{"line":213,"column":27}},"loc":{"start":{"line":213,"column":33},"end":{"line":213,"column":null}},"line":213},"16":{"name":"(anonymous_16)","decl":{"start":{"line":222,"column":24},"end":{"line":222,"column":25}},"loc":{"start":{"line":222,"column":31},"end":{"line":222,"column":null}},"line":222},"17":{"name":"(anonymous_17)","decl":{"start":{"line":234,"column":24},"end":{"line":234,"column":25}},"loc":{"start":{"line":234,"column":31},"end":{"line":234,"column":null}},"line":234},"18":{"name":"(anonymous_18)","decl":{"start":{"line":248,"column":25},"end":{"line":248,"column":31}},"loc":{"start":{"line":248,"column":31},"end":{"line":252,"column":null}},"line":248},"19":{"name":"(anonymous_19)","decl":{"start":{"line":304,"column":37},"end":{"line":304,"column":38}},"loc":{"start":{"line":304,"column":46},"end":{"line":416,"column":19}},"line":304},"20":{"name":"(anonymous_20)","decl":{"start":{"line":379,"column":41},"end":{"line":379,"column":42}},"loc":{"start":{"line":379,"column":48},"end":{"line":379,"column":null}},"line":379},"21":{"name":"(anonymous_21)","decl":{"start":{"line":407,"column":37},"end":{"line":407,"column":43}},"loc":{"start":{"line":407,"column":43},"end":{"line":407,"column":null}},"line":407},"22":{"name":"(anonymous_22)","decl":{"start":{"line":436,"column":30},"end":{"line":436,"column":31}},"loc":{"start":{"line":436,"column":37},"end":{"line":439,"column":null}},"line":436},"23":{"name":"(anonymous_23)","decl":{"start":{"line":450,"column":29},"end":{"line":450,"column":35}},"loc":{"start":{"line":450,"column":35},"end":{"line":450,"column":null}},"line":450},"24":{"name":"(anonymous_24)","decl":{"start":{"line":450,"column":50},"end":{"line":450,"column":58}},"loc":{"start":{"line":450,"column":58},"end":{"line":450,"column":79}},"line":450},"25":{"name":"(anonymous_25)","decl":{"start":{"line":460,"column":29},"end":{"line":460,"column":35}},"loc":{"start":{"line":460,"column":35},"end":{"line":460,"column":null}},"line":460},"26":{"name":"(anonymous_26)","decl":{"start":{"line":460,"column":50},"end":{"line":460,"column":58}},"loc":{"start":{"line":460,"column":58},"end":{"line":460,"column":88}},"line":460},"27":{"name":"(anonymous_27)","decl":{"start":{"line":474,"column":78},"end":{"line":474,"column":84}},"loc":{"start":{"line":474,"column":84},"end":{"line":474,"column":null}},"line":474},"28":{"name":"(anonymous_28)","decl":{"start":{"line":475,"column":49},"end":{"line":475,"column":50}},"loc":{"start":{"line":475,"column":56},"end":{"line":475,"column":null}},"line":475},"29":{"name":"(anonymous_29)","decl":{"start":{"line":484,"column":33},"end":{"line":484,"column":39}},"loc":{"start":{"line":484,"column":39},"end":{"line":484,"column":61}},"line":484},"30":{"name":"(anonymous_30)","decl":{"start":{"line":552,"column":35},"end":{"line":552,"column":36}},"loc":{"start":{"line":552,"column":42},"end":{"line":552,"column":null}},"line":552},"31":{"name":"(anonymous_31)","decl":{"start":{"line":617,"column":57},"end":{"line":617,"column":63}},"loc":{"start":{"line":617,"column":63},"end":{"line":617,"column":85}},"line":617}},"branchMap":{"0":{"loc":{"start":{"line":40,"column":19},"end":{"line":40,"column":null}},"type":"binary-expr","locations":[{"start":{"line":40,"column":19},"end":{"line":40,"column":44}},{"start":{"line":40,"column":44},"end":{"line":40,"column":null}}],"line":40},"1":{"loc":{"start":{"line":41,"column":14},"end":{"line":41,"column":45}},"type":"cond-expr","locations":[{"start":{"line":41,"column":36},"end":{"line":41,"column":43}},{"start":{"line":41,"column":43},"end":{"line":41,"column":45}}],"line":41},"2":{"loc":{"start":{"line":59,"column":4},"end":{"line":71,"column":null}},"type":"switch","locations":[{"start":{"line":60,"column":6},"end":{"line":60,"column":null}},{"start":{"line":61,"column":6},"end":{"line":62,"column":null}},{"start":{"line":63,"column":6},"end":{"line":63,"column":null}},{"start":{"line":64,"column":6},"end":{"line":65,"column":null}},{"start":{"line":66,"column":6},"end":{"line":66,"column":null}},{"start":{"line":67,"column":6},"end":{"line":68,"column":null}},{"start":{"line":69,"column":6},"end":{"line":70,"column":null}}],"line":59},"3":{"loc":{"start":{"line":75,"column":4},"end":{"line":80,"column":null}},"type":"switch","locations":[{"start":{"line":76,"column":6},"end":{"line":76,"column":null}},{"start":{"line":77,"column":6},"end":{"line":77,"column":null}},{"start":{"line":78,"column":6},"end":{"line":78,"column":null}},{"start":{"line":79,"column":6},"end":{"line":79,"column":null}}],"line":75},"4":{"loc":{"start":{"line":79,"column":22},"end":{"line":79,"column":null}},"type":"binary-expr","locations":[{"start":{"line":79,"column":22},"end":{"line":79,"column":32}},{"start":{"line":79,"column":32},"end":{"line":79,"column":null}}],"line":79},"5":{"loc":{"start":{"line":84,"column":4},"end":{"line":84,"column":null}},"type":"if","locations":[{"start":{"line":84,"column":4},"end":{"line":84,"column":null}},{"start":{},"end":{}}],"line":84},"6":{"loc":{"start":{"line":84,"column":8},"end":{"line":84,"column":39}},"type":"binary-expr","locations":[{"start":{"line":84,"column":8},"end":{"line":84,"column":25}},{"start":{"line":84,"column":25},"end":{"line":84,"column":39}}],"line":84},"7":{"loc":{"start":{"line":85,"column":4},"end":{"line":85,"column":null}},"type":"if","locations":[{"start":{"line":85,"column":4},"end":{"line":85,"column":null}},{"start":{},"end":{}}],"line":85},"8":{"loc":{"start":{"line":85,"column":8},"end":{"line":85,"column":39}},"type":"binary-expr","locations":[{"start":{"line":85,"column":8},"end":{"line":85,"column":25}},{"start":{"line":85,"column":25},"end":{"line":85,"column":39}}],"line":85},"9":{"loc":{"start":{"line":86,"column":4},"end":{"line":86,"column":null}},"type":"if","locations":[{"start":{"line":86,"column":4},"end":{"line":86,"column":null}},{"start":{},"end":{}}],"line":86},"10":{"loc":{"start":{"line":91,"column":4},"end":{"line":91,"column":null}},"type":"if","locations":[{"start":{"line":91,"column":4},"end":{"line":91,"column":null}},{"start":{},"end":{}}],"line":91},"11":{"loc":{"start":{"line":95,"column":6},"end":{"line":108,"column":null}},"type":"if","locations":[{"start":{"line":95,"column":6},"end":{"line":108,"column":null}},{"start":{},"end":{}}],"line":95},"12":{"loc":{"start":{"line":95,"column":10},"end":{"line":95,"column":57}},"type":"binary-expr","locations":[{"start":{"line":95,"column":10},"end":{"line":95,"column":40}},{"start":{"line":95,"column":40},"end":{"line":95,"column":57}}],"line":95},"13":{"loc":{"start":{"line":102,"column":19},"end":{"line":102,"column":null}},"type":"cond-expr","locations":[{"start":{"line":102,"column":45},"end":{"line":102,"column":67}},{"start":{"line":102,"column":67},"end":{"line":102,"column":null}}],"line":102},"14":{"loc":{"start":{"line":117,"column":4},"end":{"line":117,"column":null}},"type":"if","locations":[{"start":{"line":117,"column":4},"end":{"line":117,"column":null}},{"start":{},"end":{}}],"line":117},"15":{"loc":{"start":{"line":119,"column":4},"end":{"line":122,"column":null}},"type":"if","locations":[{"start":{"line":119,"column":4},"end":{"line":122,"column":null}},{"start":{},"end":{}}],"line":119},"16":{"loc":{"start":{"line":120,"column":31},"end":{"line":120,"column":41}},"type":"default-arg","locations":[{"start":{"line":120,"column":38},"end":{"line":120,"column":41}}],"line":120},"17":{"loc":{"start":{"line":120,"column":41},"end":{"line":120,"column":53}},"type":"default-arg","locations":[{"start":{"line":120,"column":50},"end":{"line":120,"column":53}}],"line":120},"18":{"loc":{"start":{"line":120,"column":53},"end":{"line":120,"column":63}},"type":"default-arg","locations":[{"start":{"line":120,"column":62},"end":{"line":120,"column":63}}],"line":120},"19":{"loc":{"start":{"line":125,"column":4},"end":{"line":125,"column":null}},"type":"if","locations":[{"start":{"line":125,"column":4},"end":{"line":125,"column":null}},{"start":{},"end":{}}],"line":125},"20":{"loc":{"start":{"line":131,"column":4},"end":{"line":134,"column":null}},"type":"if","locations":[{"start":{"line":131,"column":4},"end":{"line":134,"column":null}},{"start":{},"end":{}}],"line":131},"21":{"loc":{"start":{"line":135,"column":4},"end":{"line":138,"column":null}},"type":"if","locations":[{"start":{"line":135,"column":4},"end":{"line":138,"column":null}},{"start":{},"end":{}}],"line":135},"22":{"loc":{"start":{"line":143,"column":18},"end":{"line":143,"column":null}},"type":"binary-expr","locations":[{"start":{"line":143,"column":18},"end":{"line":143,"column":50}},{"start":{"line":143,"column":50},"end":{"line":143,"column":null}}],"line":143},"23":{"loc":{"start":{"line":144,"column":16},"end":{"line":144,"column":null}},"type":"binary-expr","locations":[{"start":{"line":144,"column":16},"end":{"line":144,"column":45}},{"start":{"line":144,"column":45},"end":{"line":144,"column":null}}],"line":144},"24":{"loc":{"start":{"line":145,"column":11},"end":{"line":145,"column":null}},"type":"binary-expr","locations":[{"start":{"line":145,"column":11},"end":{"line":145,"column":34}},{"start":{"line":145,"column":34},"end":{"line":145,"column":56}},{"start":{"line":145,"column":56},"end":{"line":145,"column":74}},{"start":{"line":145,"column":74},"end":{"line":145,"column":null}}],"line":145},"25":{"loc":{"start":{"line":157,"column":4},"end":{"line":159,"column":null}},"type":"if","locations":[{"start":{"line":157,"column":4},"end":{"line":159,"column":null}},{"start":{},"end":{}}],"line":157},"26":{"loc":{"start":{"line":157,"column":8},"end":{"line":157,"column":82}},"type":"binary-expr","locations":[{"start":{"line":157,"column":8},"end":{"line":157,"column":24}},{"start":{"line":157,"column":24},"end":{"line":157,"column":82}}],"line":157},"27":{"loc":{"start":{"line":160,"column":4},"end":{"line":162,"column":null}},"type":"if","locations":[{"start":{"line":160,"column":4},"end":{"line":162,"column":null}},{"start":{},"end":{}}],"line":160},"28":{"loc":{"start":{"line":160,"column":8},"end":{"line":160,"column":92}},"type":"binary-expr","locations":[{"start":{"line":160,"column":8},"end":{"line":160,"column":26}},{"start":{"line":160,"column":26},"end":{"line":160,"column":92}}],"line":160},"29":{"loc":{"start":{"line":163,"column":4},"end":{"line":176,"column":null}},"type":"if","locations":[{"start":{"line":163,"column":4},"end":{"line":176,"column":null}},{"start":{},"end":{}}],"line":163},"30":{"loc":{"start":{"line":173,"column":6},"end":{"line":175,"column":null}},"type":"if","locations":[{"start":{"line":173,"column":6},"end":{"line":175,"column":null}},{"start":{},"end":{}}],"line":173},"31":{"loc":{"start":{"line":173,"column":10},"end":{"line":173,"column":128}},"type":"binary-expr","locations":[{"start":{"line":173,"column":10},"end":{"line":173,"column":25}},{"start":{"line":173,"column":25},"end":{"line":173,"column":41}},{"start":{"line":173,"column":41},"end":{"line":173,"column":63}},{"start":{"line":173,"column":63},"end":{"line":173,"column":83}},{"start":{"line":173,"column":83},"end":{"line":173,"column":99}},{"start":{"line":173,"column":99},"end":{"line":173,"column":111}},{"start":{"line":173,"column":111},"end":{"line":173,"column":128}}],"line":173},"32":{"loc":{"start":{"line":242,"column":12},"end":{"line":256,"column":null}},"type":"binary-expr","locations":[{"start":{"line":245,"column":14},"end":{"line":245,"column":28}},{"start":{"line":245,"column":28},"end":{"line":245,"column":44}},{"start":{"line":245,"column":44},"end":{"line":245,"column":null}},{"start":{"line":246,"column":14},"end":{"line":256,"column":null}}],"line":242},"33":{"loc":{"start":{"line":265,"column":45},"end":{"line":265,"column":78}},"type":"cond-expr","locations":[{"start":{"line":265,"column":55},"end":{"line":265,"column":74}},{"start":{"line":265,"column":74},"end":{"line":265,"column":78}}],"line":265},"34":{"loc":{"start":{"line":271,"column":61},"end":{"line":271,"column":137}},"type":"cond-expr","locations":[{"start":{"line":271,"column":89},"end":{"line":271,"column":113}},{"start":{"line":271,"column":113},"end":{"line":271,"column":137}}],"line":271},"35":{"loc":{"start":{"line":290,"column":17},"end":{"line":416,"column":null}},"type":"cond-expr","locations":[{"start":{"line":291,"column":18},"end":{"line":296,"column":null}},{"start":{"line":297,"column":20},"end":{"line":416,"column":null}}],"line":290},"36":{"loc":{"start":{"line":297,"column":20},"end":{"line":416,"column":null}},"type":"cond-expr","locations":[{"start":{"line":298,"column":18},"end":{"line":302,"column":null}},{"start":{"line":304,"column":18},"end":{"line":416,"column":null}}],"line":297},"37":{"loc":{"start":{"line":306,"column":48},"end":{"line":306,"column":112}},"type":"binary-expr","locations":[{"start":{"line":306,"column":48},"end":{"line":306,"column":66}},{"start":{"line":306,"column":66},"end":{"line":306,"column":92}},{"start":{"line":306,"column":92},"end":{"line":306,"column":112}}],"line":306},"38":{"loc":{"start":{"line":324,"column":27},"end":{"line":343,"column":null}},"type":"cond-expr","locations":[{"start":{"line":325,"column":28},"end":{"line":331,"column":null}},{"start":{"line":333,"column":28},"end":{"line":343,"column":null}}],"line":324},"39":{"loc":{"start":{"line":336,"column":134},"end":{"line":336,"column":161}},"type":"binary-expr","locations":[{"start":{"line":336,"column":134},"end":{"line":336,"column":151}},{"start":{"line":336,"column":151},"end":{"line":336,"column":161}}],"line":336},"40":{"loc":{"start":{"line":337,"column":33},"end":{"line":340,"column":null}},"type":"binary-expr","locations":[{"start":{"line":337,"column":33},"end":{"line":337,"column":null}},{"start":{"line":338,"column":34},"end":{"line":340,"column":null}}],"line":337},"41":{"loc":{"start":{"line":366,"column":29},"end":{"line":370,"column":null}},"type":"cond-expr","locations":[{"start":{"line":366,"column":59},"end":{"line":366,"column":null}},{"start":{"line":367,"column":29},"end":{"line":370,"column":null}}],"line":366},"42":{"loc":{"start":{"line":367,"column":29},"end":{"line":370,"column":null}},"type":"cond-expr","locations":[{"start":{"line":367,"column":66},"end":{"line":367,"column":null}},{"start":{"line":368,"column":29},"end":{"line":370,"column":null}}],"line":367},"43":{"loc":{"start":{"line":368,"column":29},"end":{"line":370,"column":null}},"type":"cond-expr","locations":[{"start":{"line":368,"column":61},"end":{"line":368,"column":null}},{"start":{"line":369,"column":29},"end":{"line":370,"column":null}}],"line":368},"44":{"loc":{"start":{"line":369,"column":29},"end":{"line":370,"column":null}},"type":"cond-expr","locations":[{"start":{"line":369,"column":66},"end":{"line":369,"column":null}},{"start":{"line":370,"column":29},"end":{"line":370,"column":null}}],"line":369},"45":{"loc":{"start":{"line":370,"column":29},"end":{"line":370,"column":null}},"type":"binary-expr","locations":[{"start":{"line":370,"column":29},"end":{"line":370,"column":49}},{"start":{"line":370,"column":49},"end":{"line":370,"column":null}}],"line":370},"46":{"loc":{"start":{"line":372,"column":27},"end":{"line":389,"column":null}},"type":"cond-expr","locations":[{"start":{"line":373,"column":28},"end":{"line":385,"column":null}},{"start":{"line":387,"column":28},"end":{"line":389,"column":null}}],"line":372},"47":{"loc":{"start":{"line":383,"column":33},"end":{"line":383,"column":null}},"type":"cond-expr","locations":[{"start":{"line":383,"column":63},"end":{"line":383,"column":113}},{"start":{"line":383,"column":113},"end":{"line":383,"column":null}}],"line":383},"48":{"loc":{"start":{"line":398,"column":31},"end":{"line":398,"column":98}},"type":"cond-expr","locations":[{"start":{"line":398,"column":79},"end":{"line":398,"column":91}},{"start":{"line":398,"column":91},"end":{"line":398,"column":98}}],"line":398},"49":{"loc":{"start":{"line":398,"column":31},"end":{"line":398,"column":79}},"type":"binary-expr","locations":[{"start":{"line":398,"column":31},"end":{"line":398,"column":56}},{"start":{"line":398,"column":56},"end":{"line":398,"column":79}}],"line":398},"50":{"loc":{"start":{"line":398,"column":102},"end":{"line":398,"column":null}},"type":"binary-expr","locations":[{"start":{"line":398,"column":102},"end":{"line":398,"column":120}},{"start":{"line":398,"column":120},"end":{"line":398,"column":null}}],"line":398},"51":{"loc":{"start":{"line":423,"column":11},"end":{"line":468,"column":null}},"type":"binary-expr","locations":[{"start":{"line":423,"column":11},"end":{"line":423,"column":23}},{"start":{"line":423,"column":23},"end":{"line":423,"column":null}},{"start":{"line":424,"column":12},"end":{"line":468,"column":null}}],"line":423},"52":{"loc":{"start":{"line":474,"column":40},"end":{"line":474,"column":65}},"type":"cond-expr","locations":[{"start":{"line":474,"column":54},"end":{"line":474,"column":63}},{"start":{"line":474,"column":63},"end":{"line":474,"column":65}}],"line":474},"53":{"loc":{"start":{"line":476,"column":11},"end":{"line":621,"column":null}},"type":"binary-expr","locations":[{"start":{"line":476,"column":11},"end":{"line":476,"column":null}},{"start":{"line":477,"column":12},"end":{"line":621,"column":null}}],"line":476},"54":{"loc":{"start":{"line":508,"column":31},"end":{"line":508,"column":null}},"type":"binary-expr","locations":[{"start":{"line":508,"column":31},"end":{"line":508,"column":57}},{"start":{"line":508,"column":57},"end":{"line":508,"column":null}}],"line":508},"55":{"loc":{"start":{"line":517,"column":40},"end":{"line":517,"column":128}},"type":"binary-expr","locations":[{"start":{"line":517,"column":40},"end":{"line":517,"column":66}},{"start":{"line":517,"column":66},"end":{"line":517,"column":100}},{"start":{"line":517,"column":100},"end":{"line":517,"column":128}}],"line":517},"56":{"loc":{"start":{"line":526,"column":84},"end":{"line":526,"column":132}},"type":"binary-expr","locations":[{"start":{"line":526,"column":84},"end":{"line":526,"column":109}},{"start":{"line":526,"column":109},"end":{"line":526,"column":132}}],"line":526},"57":{"loc":{"start":{"line":527,"column":23},"end":{"line":530,"column":null}},"type":"binary-expr","locations":[{"start":{"line":527,"column":23},"end":{"line":527,"column":null}},{"start":{"line":528,"column":24},"end":{"line":530,"column":null}}],"line":527},"58":{"loc":{"start":{"line":544,"column":21},"end":{"line":563,"column":null}},"type":"cond-expr","locations":[{"start":{"line":545,"column":22},"end":{"line":559,"column":null}},{"start":{"line":561,"column":22},"end":{"line":563,"column":null}}],"line":544},"59":{"loc":{"start":{"line":557,"column":27},"end":{"line":557,"column":null}},"type":"cond-expr","locations":[{"start":{"line":557,"column":65},"end":{"line":557,"column":115}},{"start":{"line":557,"column":115},"end":{"line":557,"column":null}}],"line":557},"60":{"loc":{"start":{"line":577,"column":27},"end":{"line":577,"column":null}},"type":"binary-expr","locations":[{"start":{"line":577,"column":27},"end":{"line":577,"column":52}},{"start":{"line":577,"column":52},"end":{"line":577,"column":null}}],"line":577},"61":{"loc":{"start":{"line":587,"column":27},"end":{"line":587,"column":null}},"type":"binary-expr","locations":[{"start":{"line":587,"column":27},"end":{"line":587,"column":52}},{"start":{"line":587,"column":52},"end":{"line":587,"column":null}}],"line":587},"62":{"loc":{"start":{"line":595,"column":17},"end":{"line":601,"column":null}},"type":"binary-expr","locations":[{"start":{"line":595,"column":17},"end":{"line":595,"column":null}},{"start":{"line":596,"column":18},"end":{"line":601,"column":null}}],"line":595},"63":{"loc":{"start":{"line":604,"column":17},"end":{"line":610,"column":null}},"type":"binary-expr","locations":[{"start":{"line":604,"column":17},"end":{"line":604,"column":null}},{"start":{"line":605,"column":18},"end":{"line":610,"column":null}}],"line":604}},"s":{"0":0,"1":0,"2":0,"3":0,"4":0,"5":0,"6":0,"7":0,"8":0,"9":0,"10":0,"11":0,"12":0,"13":0,"14":0,"15":0,"16":0,"17":0,"18":0,"19":0,"20":0,"21":0,"22":0,"23":0,"24":0,"25":0,"26":0,"27":0,"28":0,"29":0,"30":0,"31":0,"32":0,"33":0,"34":0,"35":0,"36":0,"37":0,"38":0,"39":0,"40":0,"41":0,"42":0,"43":0,"44":0,"45":0,"46":0,"47":0,"48":0,"49":0,"50":0,"51":0,"52":0,"53":0,"54":0,"55":0,"56":0,"57":0,"58":0,"59":0,"60":0,"61":0,"62":0,"63":0,"64":0,"65":0,"66":0,"67":0,"68":0,"69":0,"70":0,"71":0,"72":0,"73":0,"74":0,"75":0,"76":0,"77":0,"78":0,"79":0,"80":0,"81":0,"82":0,"83":0,"84":0,"85":0,"86":0,"87":0,"88":0,"89":0,"90":0,"91":0,"92":0,"93":0,"94":0,"95":0,"96":0,"97":0,"98":0,"99":0,"100":0,"101":0,"102":0,"103":0,"104":0,"105":0,"106":0,"107":0,"108":0,"109":0,"110":0,"111":0,"112":0,"113":0,"114":0,"115":0,"116":0,"117":0,"118":0,"119":0,"120":0,"121":0,"122":0,"123":0,"124":0},"f":{"0":0,"1":0,"2":0,"3":0,"4":0,"5":0,"6":0,"7":0,"8":0,"9":0,"10":0,"11":0,"12":0,"13":0,"14":0,"15":0,"16":0,"17":0,"18":0,"19":0,"20":0,"21":0,"22":0,"23":0,"24":0,"25":0,"26":0,"27":0,"28":0,"29":0,"30":0,"31":0},"b":{"0":[0,0],"1":[0,0],"2":[0,0,0,0,0,0,0],"3":[0,0,0,0],"4":[0,0],"5":[0,0],"6":[0,0],"7":[0,0],"8":[0,0],"9":[0,0],"10":[0,0],"11":[0,0],"12":[0,0],"13":[0,0],"14":[0,0],"15":[0,0],"16":[0],"17":[0],"18":[0],"19":[0,0],"20":[0,0],"21":[0,0],"22":[0,0],"23":[0,0],"24":[0,0,0,0],"25":[0,0],"26":[0,0],"27":[0,0],"28":[0,0],"29":[0,0],"30":[0,0],"31":[0,0,0,0,0,0,0],"32":[0,0,0,0],"33":[0,0],"34":[0,0],"35":[0,0],"36":[0,0],"37":[0,0,0],"38":[0,0],"39":[0,0],"40":[0,0],"41":[0,0],"42":[0,0],"43":[0,0],"44":[0,0],"45":[0,0],"46":[0,0],"47":[0,0],"48":[0,0],"49":[0,0],"50":[0,0],"51":[0,0,0],"52":[0,0],"53":[0,0],"54":[0,0],"55":[0,0,0],"56":[0,0],"57":[0,0],"58":[0,0],"59":[0,0],"60":[0,0],"61":[0,0],"62":[0,0],"63":[0,0]},"meta":{"lastBranch":64,"lastFunction":32,"lastStatement":125,"seen":{"s:21:40:940:Infinity":0,"f:21:40:21:46":0,"s:22:22:22:Infinity":1,"s:23:28:23:Infinity":2,"s:24:38:24:Infinity":3,"s:25:42:25:Infinity":4,"s:26:34:26:Infinity":5,"s:27:36:27:Infinity":6,"s:30:36:30:Infinity":7,"s:31:42:31:Infinity":8,"s:34:30:34:Infinity":9,"s:36:20:47:Infinity":10,"f:36:20:36:32":1,"s:37:4:37:Infinity":11,"s:38:4:46:Infinity":12,"s:39:23:39:Infinity":13,"s:40:19:40:Infinity":14,"b:40:19:40:44:40:44:40:Infinity":0,"s:41:6:41:Infinity":15,"b:41:36:41:43:41:43:41:45":1,"s:43:6:43:Infinity":16,"s:45:6:45:Infinity":17,"s:49:2:51:Infinity":18,"f:49:12:49:18":2,"s:50:4:50:Infinity":19,"s:54:2:56:Infinity":20,"f:54:12:54:18":3,"s:55:4:55:Infinity":21,"s:58:25:72:Infinity":22,"f:58:25:58:26":4,"b:60:6:60:Infinity:61:6:62:Infinity:63:6:63:Infinity:64:6:65:Infinity:66:6:66:Infinity:67:6:68:Infinity:69:6:70:Infinity":2,"s:59:4:71:Infinity":23,"s:62:8:62:Infinity":24,"s:65:8:65:Infinity":25,"s:68:8:68:Infinity":26,"s:70:8:70:Infinity":27,"s:74:25:81:Infinity":28,"f:74:25:74:26":5,"b:76:6:76:Infinity:77:6:77:Infinity:78:6:78:Infinity:79:6:79:Infinity":3,"s:75:4:80:Infinity":29,"s:76:21:76:Infinity":30,"s:77:21:77:Infinity":31,"s:78:21:78:Infinity":32,"s:79:15:79:Infinity":33,"b:79:22:79:32:79:32:79:Infinity":4,"s:83:25:88:Infinity":34,"f:83:25:83:26":6,"b:84:4:84:Infinity:undefined:undefined:undefined:undefined":5,"s:84:4:84:Infinity":35,"b:84:8:84:25:84:25:84:39":6,"s:84:39:84:Infinity":36,"b:85:4:85:Infinity:undefined:undefined:undefined:undefined":7,"s:85:4:85:Infinity":37,"b:85:8:85:25:85:25:85:39":8,"s:85:39:85:Infinity":38,"b:86:4:86:Infinity:undefined:undefined:undefined:undefined":9,"s:86:4:86:Infinity":39,"s:86:23:86:Infinity":40,"s:87:4:87:Infinity":41,"s:90:27:114:Infinity":42,"f:90:27:90:28":7,"b:91:4:91:Infinity:undefined:undefined:undefined:undefined":10,"s:91:4:91:Infinity":43,"s:91:19:91:Infinity":44,"s:93:4:111:Infinity":45,"s:94:21:94:Infinity":46,"b:95:6:108:Infinity:undefined:undefined:undefined:undefined":11,"s:95:6:108:Infinity":47,"b:95:10:95:40:95:40:95:57":12,"s:96:8:106:Infinity":48,"f:98:40:98:41":8,"s:99:14:104:Infinity":49,"b:102:45:102:67:102:67:102:Infinity":13,"s:113:4:113:Infinity":50,"s:116:25:127:Infinity":51,"f:116:25:116:26":9,"b:117:4:117:Infinity:undefined:undefined:undefined:undefined":14,"s:117:4:117:Infinity":52,"s:117:18:117:Infinity":53,"b:119:4:122:Infinity:undefined:undefined:undefined:undefined":15,"s:119:4:122:Infinity":54,"s:120:67:120:Infinity":55,"b:120:38:120:41":16,"b:120:50:120:53":17,"b:120:62:120:63":18,"s:121:6:121:Infinity":56,"s:124:14:124:Infinity":57,"b:125:4:125:Infinity:undefined:undefined:undefined:undefined":19,"s:125:4:125:Infinity":58,"s:125:28:125:Infinity":59,"s:126:4:126:Infinity":60,"s:129:27:140:Infinity":61,"f:129:27:129:28":10,"s:130:20:130:Infinity":62,"b:131:4:134:Infinity:undefined:undefined:undefined:undefined":20,"s:131:4:134:Infinity":63,"s:132:27:132:Infinity":64,"s:133:6:133:Infinity":65,"b:135:4:138:Infinity:undefined:undefined:undefined:undefined":21,"s:135:4:138:Infinity":66,"s:136:27:136:Infinity":67,"s:137:6:137:Infinity":68,"s:139:4:139:Infinity":69,"s:142:23:146:Infinity":70,"f:142:23:142:24":11,"s:143:18:143:Infinity":71,"b:143:18:143:50:143:50:143:Infinity":22,"s:144:16:144:Infinity":72,"b:144:16:144:45:144:45:144:Infinity":23,"s:145:4:145:Infinity":73,"b:145:11:145:34:145:34:145:56:145:56:145:74:145:74:145:Infinity":24,"s:148:23:153:Infinity":74,"f:148:23:148:24":12,"s:149:4:149:Infinity":75,"s:150:4:150:Infinity":76,"s:151:4:151:Infinity":77,"s:152:4:152:Infinity":78,"f:152:15:152:21":13,"s:152:21:152:38":79,"s:156:23:178:Infinity":80,"f:156:35:156:42":14,"b:157:4:159:Infinity:undefined:undefined:undefined:undefined":25,"s:157:4:159:Infinity":81,"b:157:8:157:24:157:24:157:82":26,"s:158:6:158:Infinity":82,"b:160:4:162:Infinity:undefined:undefined:undefined:undefined":27,"s:160:4:162:Infinity":83,"b:160:8:160:26:160:26:160:92":28,"s:161:6:161:Infinity":84,"b:163:4:176:Infinity:undefined:undefined:undefined:undefined":29,"s:163:4:176:Infinity":85,"s:164:19:164:Infinity":86,"s:165:25:165:Infinity":87,"s:166:26:166:Infinity":88,"s:167:32:167:Infinity":89,"s:168:30:168:Infinity":90,"s:169:26:169:Infinity":91,"s:170:22:170:Infinity":92,"s:171:29:171:Infinity":93,"b:173:6:175:Infinity:undefined:undefined:undefined:undefined":30,"s:173:6:175:Infinity":94,"b:173:10:173:25:173:25:173:41:173:41:173:63:173:63:173:83:173:83:173:99:173:99:173:111:173:111:173:128":31,"s:174:8:174:Infinity":95,"s:177:4:177:Infinity":96,"s:181:28:181:Infinity":97,"s:182:29:182:Infinity":98,"s:183:25:183:Infinity":99,"s:184:21:184:Infinity":100,"s:186:2:938:Infinity":101,"f:213:26:213:27":15,"s:213:33:213:Infinity":102,"f:222:24:222:25":16,"s:222:31:222:Infinity":103,"f:234:24:234:25":17,"s:234:31:234:Infinity":104,"b:245:14:245:28:245:28:245:44:245:44:245:Infinity:246:14:256:Infinity":32,"f:248:25:248:31":18,"s:249:18:249:Infinity":105,"s:250:18:250:Infinity":106,"s:251:18:251:Infinity":107,"b:265:55:265:74:265:74:265:78":33,"b:271:89:271:113:271:113:271:137":34,"b:291:18:296:Infinity:297:20:416:Infinity":35,"b:298:18:302:Infinity:304:18:416:Infinity":36,"f:304:37:304:38":19,"s:305:41:305:Infinity":108,"s:306:31:306:Infinity":109,"b:306:48:306:66:306:66:306:92:306:92:306:112":37,"s:307:34:307:Infinity":110,"s:308:20:414:Infinity":111,"b:325:28:331:Infinity:333:28:343:Infinity":38,"b:336:134:336:151:336:151:336:161":39,"b:337:33:337:Infinity:338:34:340:Infinity":40,"b:366:59:366:Infinity:367:29:370:Infinity":41,"b:367:66:367:Infinity:368:29:370:Infinity":42,"b:368:61:368:Infinity:369:29:370:Infinity":43,"b:369:66:369:Infinity:370:29:370:Infinity":44,"b:370:29:370:49:370:49:370:Infinity":45,"b:373:28:385:Infinity:387:28:389:Infinity":46,"f:379:41:379:42":20,"s:379:48:379:Infinity":112,"b:383:63:383:113:383:113:383:Infinity":47,"b:398:79:398:91:398:91:398:98":48,"b:398:31:398:56:398:56:398:79":49,"b:398:102:398:120:398:120:398:Infinity":50,"f:407:37:407:43":21,"s:407:43:407:Infinity":113,"b:423:11:423:23:423:23:423:Infinity:424:12:468:Infinity":51,"f:436:30:436:31":22,"s:437:22:437:Infinity":114,"s:438:22:438:Infinity":115,"f:450:29:450:35":23,"s:450:35:450:Infinity":116,"f:450:50:450:58":24,"s:450:58:450:79":117,"f:460:29:460:35":25,"s:460:35:460:Infinity":118,"f:460:50:460:58":26,"s:460:58:460:88":119,"b:474:54:474:63:474:63:474:65":52,"f:474:78:474:84":27,"s:474:84:474:Infinity":120,"f:475:49:475:50":28,"s:475:56:475:Infinity":121,"b:476:11:476:Infinity:477:12:621:Infinity":53,"f:484:33:484:39":29,"s:484:39:484:61":122,"b:508:31:508:57:508:57:508:Infinity":54,"b:517:40:517:66:517:66:517:100:517:100:517:128":55,"b:526:84:526:109:526:109:526:132":56,"b:527:23:527:Infinity:528:24:530:Infinity":57,"b:545:22:559:Infinity:561:22:563:Infinity":58,"f:552:35:552:36":30,"s:552:42:552:Infinity":123,"b:557:65:557:115:557:115:557:Infinity":59,"b:577:27:577:52:577:52:577:Infinity":60,"b:587:27:587:52:587:52:587:Infinity":61,"b:595:17:595:Infinity:596:18:601:Infinity":62,"b:604:17:604:Infinity:605:18:610:Infinity":63,"f:617:57:617:63":31,"s:617:63:617:85":124},"fnNames":{}}}
,"C:\\Users\\Gustavo H. Martins\\tcc\\frontend-sindigo\\frontend\\src\\components\\AdminUsersPage.tsx": {"path":"C:\\Users\\Gustavo H. Martins\\tcc\\frontend-sindigo\\frontend\\src\\components\\AdminUsersPage.tsx","statementMap":{"0":{"start":{"line":7,"column":40},"end":{"line":873,"column":null}},"1":{"start":{"line":8,"column":26},"end":{"line":8,"column":null}},"2":{"start":{"line":9,"column":34},"end":{"line":9,"column":null}},"3":{"start":{"line":10,"column":24},"end":{"line":10,"column":null}},"4":{"start":{"line":11,"column":38},"end":{"line":11,"column":null}},"5":{"start":{"line":12,"column":38},"end":{"line":12,"column":null}},"6":{"start":{"line":13,"column":28},"end":{"line":13,"column":null}},"7":{"start":{"line":14,"column":28},"end":{"line":14,"column":null}},"8":{"start":{"line":16,"column":2},"end":{"line":26,"column":null}},"9":{"start":{"line":17,"column":23},"end":{"line":24,"column":null}},"10":{"start":{"line":18,"column":6},"end":{"line":23,"column":null}},"11":{"start":{"line":19,"column":25},"end":{"line":19,"column":null}},"12":{"start":{"line":20,"column":8},"end":{"line":20,"column":null}},"13":{"start":{"line":22,"column":8},"end":{"line":22,"column":null}},"14":{"start":{"line":25,"column":4},"end":{"line":25,"column":null}},"15":{"start":{"line":28,"column":24},"end":{"line":32,"column":null}},"16":{"start":{"line":29,"column":5},"end":{"line":31,"column":null}},"17":{"start":{"line":34,"column":23},"end":{"line":59,"column":null}},"18":{"start":{"line":35,"column":4},"end":{"line":35,"column":null}},"19":{"start":{"line":36,"column":4},"end":{"line":39,"column":null}},"20":{"start":{"line":37,"column":6},"end":{"line":37,"column":null}},"21":{"start":{"line":38,"column":6},"end":{"line":38,"column":null}},"22":{"start":{"line":41,"column":4},"end":{"line":41,"column":null}},"23":{"start":{"line":42,"column":4},"end":{"line":42,"column":null}},"24":{"start":{"line":44,"column":4},"end":{"line":58,"column":null}},"25":{"start":{"line":45,"column":23},"end":{"line":45,"column":null}},"26":{"start":{"line":46,"column":6},"end":{"line":46,"column":null}},"27":{"start":{"line":49,"column":6},"end":{"line":51,"column":null}},"28":{"start":{"line":49,"column":28},"end":{"line":51,"column":7}},"29":{"start":{"line":50,"column":8},"end":{"line":50,"column":null}},"30":{"start":{"line":53,"column":6},"end":{"line":53,"column":null}},"31":{"start":{"line":55,"column":6},"end":{"line":55,"column":null}},"32":{"start":{"line":57,"column":6},"end":{"line":57,"column":null}},"33":{"start":{"line":61,"column":27},"end":{"line":66,"column":null}},"34":{"start":{"line":62,"column":4},"end":{"line":62,"column":null}},"35":{"start":{"line":63,"column":4},"end":{"line":63,"column":null}},"36":{"start":{"line":64,"column":4},"end":{"line":64,"column":null}},"37":{"start":{"line":65,"column":4},"end":{"line":65,"column":null}},"38":{"start":{"line":68,"column":31},"end":{"line":72,"column":null}},"39":{"start":{"line":69,"column":4},"end":{"line":69,"column":null}},"40":{"start":{"line":70,"column":4},"end":{"line":70,"column":null}},"41":{"start":{"line":71,"column":4},"end":{"line":71,"column":null}},"42":{"start":{"line":74,"column":2},"end":{"line":871,"column":null}},"43":{"start":{"line":107,"column":130},"end":{"line":107,"column":148}},"44":{"start":{"line":118,"column":130},"end":{"line":118,"column":150}},"45":{"start":{"line":145,"column":35},"end":{"line":145,"column":null}},"46":{"start":{"line":153,"column":35},"end":{"line":153,"column":null}},"47":{"start":{"line":154,"column":16},"end":{"line":170,"column":null}},"48":{"start":{"line":157,"column":35},"end":{"line":157,"column":null}},"49":{"start":{"line":235,"column":40},"end":{"line":235,"column":null}},"50":{"start":{"line":256,"column":40},"end":{"line":256,"column":null}},"51":{"start":{"line":277,"column":40},"end":{"line":277,"column":null}}},"fnMap":{"0":{"name":"(anonymous_0)","decl":{"start":{"line":7,"column":40},"end":{"line":7,"column":46}},"loc":{"start":{"line":7,"column":46},"end":{"line":873,"column":null}},"line":7},"1":{"name":"(anonymous_1)","decl":{"start":{"line":16,"column":12},"end":{"line":16,"column":18}},"loc":{"start":{"line":16,"column":18},"end":{"line":26,"column":5}},"line":16},"2":{"name":"(anonymous_2)","decl":{"start":{"line":17,"column":23},"end":{"line":17,"column":35}},"loc":{"start":{"line":17,"column":35},"end":{"line":24,"column":null}},"line":17},"3":{"name":"(anonymous_3)","decl":{"start":{"line":28,"column":37},"end":{"line":28,"column":null}},"loc":{"start":{"line":29,"column":5},"end":{"line":31,"column":null}},"line":29},"4":{"name":"(anonymous_4)","decl":{"start":{"line":34,"column":23},"end":{"line":34,"column":30}},"loc":{"start":{"line":34,"column":53},"end":{"line":59,"column":null}},"line":34},"5":{"name":"(anonymous_5)","decl":{"start":{"line":49,"column":15},"end":{"line":49,"column":28}},"loc":{"start":{"line":49,"column":28},"end":{"line":51,"column":7}},"line":49},"6":{"name":"(anonymous_6)","decl":{"start":{"line":49,"column":42},"end":{"line":49,"column":null}},"loc":{"start":{"line":50,"column":8},"end":{"line":50,"column":null}},"line":50},"7":{"name":"(anonymous_7)","decl":{"start":{"line":61,"column":27},"end":{"line":61,"column":28}},"loc":{"start":{"line":61,"column":39},"end":{"line":66,"column":null}},"line":61},"8":{"name":"(anonymous_8)","decl":{"start":{"line":68,"column":31},"end":{"line":68,"column":37}},"loc":{"start":{"line":68,"column":37},"end":{"line":72,"column":null}},"line":68},"9":{"name":"(anonymous_9)","decl":{"start":{"line":107,"column":125},"end":{"line":107,"column":130}},"loc":{"start":{"line":107,"column":130},"end":{"line":107,"column":148}},"line":107},"10":{"name":"(anonymous_10)","decl":{"start":{"line":118,"column":125},"end":{"line":118,"column":130}},"loc":{"start":{"line":118,"column":130},"end":{"line":118,"column":150}},"line":118},"11":{"name":"(anonymous_11)","decl":{"start":{"line":145,"column":28},"end":{"line":145,"column":29}},"loc":{"start":{"line":145,"column":35},"end":{"line":145,"column":null}},"line":145},"12":{"name":"(anonymous_12)","decl":{"start":{"line":152,"column":33},"end":{"line":152,"column":38}},"loc":{"start":{"line":152,"column":38},"end":{"line":172,"column":15}},"line":152},"13":{"name":"(anonymous_13)","decl":{"start":{"line":157,"column":29},"end":{"line":157,"column":35}},"loc":{"start":{"line":157,"column":35},"end":{"line":157,"column":null}},"line":157},"14":{"name":"(anonymous_14)","decl":{"start":{"line":235,"column":34},"end":{"line":235,"column":40}},"loc":{"start":{"line":235,"column":40},"end":{"line":235,"column":null}},"line":235},"15":{"name":"(anonymous_15)","decl":{"start":{"line":256,"column":34},"end":{"line":256,"column":40}},"loc":{"start":{"line":256,"column":40},"end":{"line":256,"column":null}},"line":256},"16":{"name":"(anonymous_16)","decl":{"start":{"line":277,"column":34},"end":{"line":277,"column":40}},"loc":{"start":{"line":277,"column":40},"end":{"line":277,"column":null}},"line":277}},"branchMap":{"0":{"loc":{"start":{"line":29,"column":5},"end":{"line":31,"column":null}},"type":"binary-expr","locations":[{"start":{"line":29,"column":5},"end":{"line":29,"column":15}},{"start":{"line":29,"column":15},"end":{"line":29,"column":null}},{"start":{"line":30,"column":5},"end":{"line":30,"column":16}},{"start":{"line":30,"column":16},"end":{"line":30,"column":null}},{"start":{"line":31,"column":5},"end":{"line":31,"column":13}},{"start":{"line":31,"column":13},"end":{"line":31,"column":null}}],"line":29},"1":{"loc":{"start":{"line":36,"column":4},"end":{"line":39,"column":null}},"type":"if","locations":[{"start":{"line":36,"column":4},"end":{"line":39,"column":null}},{"start":{},"end":{}}],"line":36},"2":{"loc":{"start":{"line":46,"column":54},"end":{"line":46,"column":85}},"type":"binary-expr","locations":[{"start":{"line":46,"column":54},"end":{"line":46,"column":76}},{"start":{"line":46,"column":76},"end":{"line":46,"column":85}}],"line":46},"3":{"loc":{"start":{"line":50,"column":8},"end":{"line":50,"column":null}},"type":"cond-expr","locations":[{"start":{"line":50,"column":26},"end":{"line":50,"column":58}},{"start":{"line":50,"column":58},"end":{"line":50,"column":null}}],"line":50},"4":{"loc":{"start":{"line":53,"column":22},"end":{"line":53,"column":84}},"type":"cond-expr","locations":[{"start":{"line":53,"column":37},"end":{"line":53,"column":80}},{"start":{"line":53,"column":80},"end":{"line":53,"column":84}}],"line":53},"5":{"loc":{"start":{"line":55,"column":40},"end":{"line":55,"column":115}},"type":"binary-expr","locations":[{"start":{"line":55,"column":40},"end":{"line":55,"column":57}},{"start":{"line":55,"column":57},"end":{"line":55,"column":115}}],"line":55},"6":{"loc":{"start":{"line":153,"column":35},"end":{"line":153,"column":null}},"type":"binary-expr","locations":[{"start":{"line":153,"column":35},"end":{"line":153,"column":51}},{"start":{"line":153,"column":51},"end":{"line":153,"column":null}}],"line":153},"7":{"loc":{"start":{"line":158,"column":49},"end":{"line":158,"column":77}},"type":"cond-expr","locations":[{"start":{"line":158,"column":62},"end":{"line":158,"column":75}},{"start":{"line":158,"column":75},"end":{"line":158,"column":77}}],"line":158},"8":{"loc":{"start":{"line":161,"column":23},"end":{"line":161,"column":null}},"type":"cond-expr","locations":[{"start":{"line":161,"column":32},"end":{"line":161,"column":71}},{"start":{"line":161,"column":71},"end":{"line":161,"column":null}}],"line":161},"9":{"loc":{"start":{"line":168,"column":23},"end":{"line":168,"column":null}},"type":"cond-expr","locations":[{"start":{"line":168,"column":44},"end":{"line":168,"column":54}},{"start":{"line":168,"column":54},"end":{"line":168,"column":null}}],"line":168},"10":{"loc":{"start":{"line":168,"column":54},"end":{"line":168,"column":null}},"type":"cond-expr","locations":[{"start":{"line":168,"column":77},"end":{"line":168,"column":89}},{"start":{"line":168,"column":89},"end":{"line":168,"column":null}}],"line":168},"11":{"loc":{"start":{"line":173,"column":15},"end":{"line":176,"column":null}},"type":"binary-expr","locations":[{"start":{"line":173,"column":15},"end":{"line":173,"column":null}},{"start":{"line":174,"column":16},"end":{"line":176,"column":null}}],"line":173},"12":{"loc":{"start":{"line":183,"column":13},"end":{"line":187,"column":null}},"type":"binary-expr","locations":[{"start":{"line":183,"column":13},"end":{"line":183,"column":null}},{"start":{"line":184,"column":14},"end":{"line":187,"column":null}}],"line":183},"13":{"loc":{"start":{"line":185,"column":17},"end":{"line":185,"column":null}},"type":"cond-expr","locations":[{"start":{"line":185,"column":46},"end":{"line":185,"column":74}},{"start":{"line":185,"column":74},"end":{"line":185,"column":null}}],"line":185},"14":{"loc":{"start":{"line":190,"column":13},"end":{"line":310,"column":null}},"type":"cond-expr","locations":[{"start":{"line":191,"column":14},"end":{"line":195,"column":null}},{"start":{"line":197,"column":14},"end":{"line":310,"column":null}}],"line":190},"15":{"loc":{"start":{"line":202,"column":21},"end":{"line":202,"column":null}},"type":"cond-expr","locations":[{"start":{"line":202,"column":41},"end":{"line":202,"column":91}},{"start":{"line":202,"column":91},"end":{"line":202,"column":null}}],"line":202},"16":{"loc":{"start":{"line":210,"column":25},"end":{"line":210,"column":null}},"type":"cond-expr","locations":[{"start":{"line":210,"column":57},"end":{"line":210,"column":67}},{"start":{"line":210,"column":67},"end":{"line":210,"column":null}}],"line":210},"17":{"loc":{"start":{"line":210,"column":67},"end":{"line":210,"column":null}},"type":"cond-expr","locations":[{"start":{"line":210,"column":101},"end":{"line":210,"column":113}},{"start":{"line":210,"column":113},"end":{"line":210,"column":null}}],"line":210},"18":{"loc":{"start":{"line":229,"column":52},"end":{"line":229,"column":92}},"type":"cond-expr","locations":[{"start":{"line":229,"column":79},"end":{"line":229,"column":90}},{"start":{"line":229,"column":90},"end":{"line":229,"column":92}}],"line":229},"19":{"loc":{"start":{"line":250,"column":52},"end":{"line":250,"column":94}},"type":"cond-expr","locations":[{"start":{"line":250,"column":81},"end":{"line":250,"column":92}},{"start":{"line":250,"column":92},"end":{"line":250,"column":94}}],"line":250},"20":{"loc":{"start":{"line":271,"column":52},"end":{"line":271,"column":94}},"type":"cond-expr","locations":[{"start":{"line":271,"column":81},"end":{"line":271,"column":92}},{"start":{"line":271,"column":92},"end":{"line":271,"column":94}}],"line":271},"21":{"loc":{"start":{"line":293,"column":19},"end":{"line":298,"column":null}},"type":"binary-expr","locations":[{"start":{"line":293,"column":19},"end":{"line":293,"column":null}},{"start":{"line":294,"column":20},"end":{"line":298,"column":null}}],"line":293},"22":{"loc":{"start":{"line":296,"column":107},"end":{"line":296,"column":213}},"type":"cond-expr","locations":[{"start":{"line":296,"column":139},"end":{"line":296,"column":157}},{"start":{"line":296,"column":157},"end":{"line":296,"column":213}}],"line":296},"23":{"loc":{"start":{"line":296,"column":157},"end":{"line":296,"column":213}},"type":"cond-expr","locations":[{"start":{"line":296,"column":191},"end":{"line":296,"column":203}},{"start":{"line":296,"column":203},"end":{"line":296,"column":213}}],"line":296},"24":{"loc":{"start":{"line":296,"column":237},"end":{"line":296,"column":333}},"type":"cond-expr","locations":[{"start":{"line":296,"column":264},"end":{"line":296,"column":282}},{"start":{"line":296,"column":282},"end":{"line":296,"column":333}}],"line":296},"25":{"loc":{"start":{"line":296,"column":282},"end":{"line":296,"column":333}},"type":"cond-expr","locations":[{"start":{"line":296,"column":311},"end":{"line":296,"column":323}},{"start":{"line":296,"column":323},"end":{"line":296,"column":333}}],"line":296},"26":{"loc":{"start":{"line":304,"column":30},"end":{"line":304,"column":null}},"type":"binary-expr","locations":[{"start":{"line":304,"column":30},"end":{"line":304,"column":41}},{"start":{"line":304,"column":41},"end":{"line":304,"column":null}}],"line":304},"27":{"loc":{"start":{"line":307,"column":21},"end":{"line":307,"column":null}},"type":"cond-expr","locations":[{"start":{"line":307,"column":31},"end":{"line":307,"column":47}},{"start":{"line":307,"column":47},"end":{"line":307,"column":null}}],"line":307}},"s":{"0":0,"1":0,"2":0,"3":0,"4":0,"5":0,"6":0,"7":0,"8":0,"9":0,"10":0,"11":0,"12":0,"13":0,"14":0,"15":0,"16":0,"17":0,"18":0,"19":0,"20":0,"21":0,"22":0,"23":0,"24":0,"25":0,"26":0,"27":0,"28":0,"29":0,"30":0,"31":0,"32":0,"33":0,"34":0,"35":0,"36":0,"37":0,"38":0,"39":0,"40":0,"41":0,"42":0,"43":0,"44":0,"45":0,"46":0,"47":0,"48":0,"49":0,"50":0,"51":0},"f":{"0":0,"1":0,"2":0,"3":0,"4":0,"5":0,"6":0,"7":0,"8":0,"9":0,"10":0,"11":0,"12":0,"13":0,"14":0,"15":0,"16":0},"b":{"0":[0,0,0,0,0,0],"1":[0,0],"2":[0,0],"3":[0,0],"4":[0,0],"5":[0,0],"6":[0,0],"7":[0,0],"8":[0,0],"9":[0,0],"10":[0,0],"11":[0,0],"12":[0,0],"13":[0,0],"14":[0,0],"15":[0,0],"16":[0,0],"17":[0,0],"18":[0,0],"19":[0,0],"20":[0,0],"21":[0,0],"22":[0,0],"23":[0,0],"24":[0,0],"25":[0,0],"26":[0,0],"27":[0,0]},"meta":{"lastBranch":28,"lastFunction":17,"lastStatement":52,"seen":{"s:7:40:873:Infinity":0,"f:7:40:7:46":0,"s:8:26:8:Infinity":1,"s:9:34:9:Infinity":2,"s:10:24:10:Infinity":3,"s:11:38:11:Infinity":4,"s:12:38:12:Infinity":5,"s:13:28:13:Infinity":6,"s:14:28:14:Infinity":7,"s:16:2:26:Infinity":8,"f:16:12:16:18":1,"s:17:23:24:Infinity":9,"f:17:23:17:35":2,"s:18:6:23:Infinity":10,"s:19:25:19:Infinity":11,"s:20:8:20:Infinity":12,"s:22:8:22:Infinity":13,"s:25:4:25:Infinity":14,"s:28:24:32:Infinity":15,"f:28:37:28:Infinity":3,"s:29:5:31:Infinity":16,"b:29:5:29:15:29:15:29:Infinity:30:5:30:16:30:16:30:Infinity:31:5:31:13:31:13:31:Infinity":0,"s:34:23:59:Infinity":17,"f:34:23:34:30":4,"s:35:4:35:Infinity":18,"b:36:4:39:Infinity:undefined:undefined:undefined:undefined":1,"s:36:4:39:Infinity":19,"s:37:6:37:Infinity":20,"s:38:6:38:Infinity":21,"s:41:4:41:Infinity":22,"s:42:4:42:Infinity":23,"s:44:4:58:Infinity":24,"s:45:23:45:Infinity":25,"s:46:6:46:Infinity":26,"b:46:54:46:76:46:76:46:85":2,"s:49:6:51:Infinity":27,"f:49:15:49:28":5,"s:49:28:51:7":28,"f:49:42:49:Infinity":6,"s:50:8:50:Infinity":29,"b:50:26:50:58:50:58:50:Infinity":3,"s:53:6:53:Infinity":30,"b:53:37:53:80:53:80:53:84":4,"s:55:6:55:Infinity":31,"b:55:40:55:57:55:57:55:115":5,"s:57:6:57:Infinity":32,"s:61:27:66:Infinity":33,"f:61:27:61:28":7,"s:62:4:62:Infinity":34,"s:63:4:63:Infinity":35,"s:64:4:64:Infinity":36,"s:65:4:65:Infinity":37,"s:68:31:72:Infinity":38,"f:68:31:68:37":8,"s:69:4:69:Infinity":39,"s:70:4:70:Infinity":40,"s:71:4:71:Infinity":41,"s:74:2:871:Infinity":42,"f:107:125:107:130":9,"s:107:130:107:148":43,"f:118:125:118:130":10,"s:118:130:118:150":44,"f:145:28:145:29":11,"s:145:35:145:Infinity":45,"f:152:33:152:38":12,"s:153:35:153:Infinity":46,"b:153:35:153:51:153:51:153:Infinity":6,"s:154:16:170:Infinity":47,"f:157:29:157:35":13,"s:157:35:157:Infinity":48,"b:158:62:158:75:158:75:158:77":7,"b:161:32:161:71:161:71:161:Infinity":8,"b:168:44:168:54:168:54:168:Infinity":9,"b:168:77:168:89:168:89:168:Infinity":10,"b:173:15:173:Infinity:174:16:176:Infinity":11,"b:183:13:183:Infinity:184:14:187:Infinity":12,"b:185:46:185:74:185:74:185:Infinity":13,"b:191:14:195:Infinity:197:14:310:Infinity":14,"b:202:41:202:91:202:91:202:Infinity":15,"b:210:57:210:67:210:67:210:Infinity":16,"b:210:101:210:113:210:113:210:Infinity":17,"b:229:79:229:90:229:90:229:92":18,"f:235:34:235:40":14,"s:235:40:235:Infinity":49,"b:250:81:250:92:250:92:250:94":19,"f:256:34:256:40":15,"s:256:40:256:Infinity":50,"b:271:81:271:92:271:92:271:94":20,"f:277:34:277:40":16,"s:277:40:277:Infinity":51,"b:293:19:293:Infinity:294:20:298:Infinity":21,"b:296:139:296:157:296:157:296:213":22,"b:296:191:296:203:296:203:296:213":23,"b:296:264:296:282:296:282:296:333":24,"b:296:311:296:323:296:323:296:333":25,"b:304:30:304:41:304:41:304:Infinity":26,"b:307:31:307:47:307:47:307:Infinity":27},"fnNames":{}}}
,"C:\\Users\\Gustavo H. Martins\\tcc\\frontend-sindigo\\frontend\\src\\components\\BuildingCard.tsx": {"path":"C:\\Users\\Gustavo H. Martins\\tcc\\frontend-sindigo\\frontend\\src\\components\\BuildingCard.tsx","statementMap":{"0":{"start":{"line":12,"column":57},"end":{"line":54,"column":null}},"1":{"start":{"line":13,"column":4},"end":{"line":52,"column":null}},"2":{"start":{"line":48,"column":121},"end":{"line":48,"column":142}},"3":{"start":{"line":48,"column":142},"end":{"line":48,"column":155}}},"fnMap":{"0":{"name":"(anonymous_0)","decl":{"start":{"line":12,"column":57},"end":{"line":12,"column":58}},"loc":{"start":{"line":12,"column":80},"end":{"line":54,"column":null}},"line":12},"1":{"name":"(anonymous_1)","decl":{"start":{"line":48,"column":112},"end":{"line":48,"column":113}},"loc":{"start":{"line":48,"column":119},"end":{"line":48,"column":158}},"line":48}},"branchMap":{"0":{"loc":{"start":{"line":21,"column":25},"end":{"line":21,"column":null}},"type":"cond-expr","locations":[{"start":{"line":21,"column":45},"end":{"line":21,"column":74}},{"start":{"line":21,"column":74},"end":{"line":21,"column":null}}],"line":21},"1":{"loc":{"start":{"line":34,"column":21},"end":{"line":37,"column":null}},"type":"cond-expr","locations":[{"start":{"line":35,"column":24},"end":{"line":35,"column":null}},{"start":{"line":37,"column":24},"end":{"line":37,"column":null}}],"line":34}},"s":{"0":1,"1":3,"2":0,"3":0},"f":{"0":3,"1":0},"b":{"0":[0,3],"1":[0,3]},"meta":{"lastBranch":2,"lastFunction":2,"lastStatement":4,"seen":{"s:12:57:54:Infinity":0,"f:12:57:12:58":0,"s:13:4:52:Infinity":1,"b:21:45:21:74:21:74:21:Infinity":0,"b:35:24:35:Infinity:37:24:37:Infinity":1,"f:48:112:48:113":1,"s:48:121:48:142":2,"s:48:142:48:155":3},"fnNames":{}}}
,"C:\\Users\\Gustavo H. Martins\\tcc\\frontend-sindigo\\frontend\\src\\components\\BuildingDetails.tsx": {"path":"C:\\Users\\Gustavo H. Martins\\tcc\\frontend-sindigo\\frontend\\src\\components\\BuildingDetails.tsx","statementMap":{"0":{"start":{"line":29,"column":41},"end":{"line":769,"column":null}},"1":{"start":{"line":30,"column":15},"end":{"line":30,"column":null}},"2":{"start":{"line":31,"column":26},"end":{"line":31,"column":null}},"3":{"start":{"line":32,"column":10},"end":{"line":32,"column":null}},"4":{"start":{"line":33,"column":38},"end":{"line":33,"column":null}},"5":{"start":{"line":34,"column":36},"end":{"line":34,"column":null}},"6":{"start":{"line":35,"column":40},"end":{"line":35,"column":null}},"7":{"start":{"line":36,"column":30},"end":{"line":36,"column":null}},"8":{"start":{"line":37,"column":34},"end":{"line":37,"column":null}},"9":{"start":{"line":38,"column":30},"end":{"line":38,"column":null}},"10":{"start":{"line":39,"column":56},"end":{"line":39,"column":null}},"11":{"start":{"line":40,"column":62},"end":{"line":40,"column":null}},"12":{"start":{"line":41,"column":52},"end":{"line":41,"column":null}},"13":{"start":{"line":42,"column":56},"end":{"line":42,"column":null}},"14":{"start":{"line":43,"column":40},"end":{"line":43,"column":null}},"15":{"start":{"line":44,"column":44},"end":{"line":44,"column":null}},"16":{"start":{"line":45,"column":44},"end":{"line":45,"column":null}},"17":{"start":{"line":46,"column":36},"end":{"line":46,"column":null}},"18":{"start":{"line":48,"column":21},"end":{"line":48,"column":null}},"19":{"start":{"line":49,"column":29},"end":{"line":49,"column":null}},"20":{"start":{"line":51,"column":40},"end":{"line":51,"column":null}},"21":{"start":{"line":52,"column":32},"end":{"line":52,"column":null}},"22":{"start":{"line":54,"column":4},"end":{"line":64,"column":null}},"23":{"start":{"line":55,"column":28},"end":{"line":55,"column":null}},"24":{"start":{"line":56,"column":8},"end":{"line":60,"column":null}},"25":{"start":{"line":57,"column":12},"end":{"line":57,"column":null}},"26":{"start":{"line":59,"column":12},"end":{"line":59,"column":null}},"27":{"start":{"line":61,"column":8},"end":{"line":63,"column":null}},"28":{"start":{"line":62,"column":12},"end":{"line":62,"column":null}},"29":{"start":{"line":66,"column":28},"end":{"line":69,"column":null}},"30":{"start":{"line":67,"column":8},"end":{"line":67,"column":null}},"31":{"start":{"line":68,"column":8},"end":{"line":68,"column":null}},"32":{"start":{"line":71,"column":37},"end":{"line":87,"column":null}},"33":{"start":{"line":72,"column":21},"end":{"line":72,"column":null}},"34":{"start":{"line":73,"column":8},"end":{"line":75,"column":null}},"35":{"start":{"line":74,"column":12},"end":{"line":74,"column":null}},"36":{"start":{"line":77,"column":8},"end":{"line":86,"column":null}},"37":{"start":{"line":78,"column":12},"end":{"line":81,"column":null}},"38":{"start":{"line":82,"column":12},"end":{"line":82,"column":null}},"39":{"start":{"line":82,"column":34},"end":{"line":82,"column":42}},"40":{"start":{"line":84,"column":12},"end":{"line":84,"column":null}},"41":{"start":{"line":85,"column":12},"end":{"line":85,"column":null}},"42":{"start":{"line":90,"column":29},"end":{"line":90,"column":null}},"43":{"start":{"line":90,"column":49},"end":{"line":90,"column":86}},"44":{"start":{"line":91,"column":30},"end":{"line":91,"column":null}},"45":{"start":{"line":92,"column":67},"end":{"line":92,"column":null}},"46":{"start":{"line":94,"column":33},"end":{"line":97,"column":null}},"47":{"start":{"line":95,"column":21},"end":{"line":95,"column":132}},"48":{"start":{"line":96,"column":24},"end":{"line":96,"column":89}},"49":{"start":{"line":97,"column":19},"end":{"line":97,"column":82}},"50":{"start":{"line":99,"column":34},"end":{"line":101,"column":null}},"51":{"start":{"line":103,"column":34},"end":{"line":125,"column":null}},"52":{"start":{"line":104,"column":8},"end":{"line":104,"column":null}},"53":{"start":{"line":104,"column":23},"end":{"line":104,"column":null}},"54":{"start":{"line":105,"column":8},"end":{"line":124,"column":null}},"55":{"start":{"line":106,"column":26},"end":{"line":106,"column":null}},"56":{"start":{"line":107,"column":24},"end":{"line":107,"column":null}},"57":{"start":{"line":109,"column":24},"end":{"line":109,"column":null}},"58":{"start":{"line":109,"column":39},"end":{"line":109,"column":null}},"59":{"start":{"line":110,"column":24},"end":{"line":110,"column":null}},"60":{"start":{"line":111,"column":26},"end":{"line":111,"column":null}},"61":{"start":{"line":112,"column":25},"end":{"line":112,"column":null}},"62":{"start":{"line":113,"column":30},"end":{"line":113,"column":null}},"63":{"start":{"line":114,"column":29},"end":{"line":114,"column":null}},"64":{"start":{"line":116,"column":12},"end":{"line":120,"column":null}},"65":{"start":{"line":117,"column":32},"end":{"line":117,"column":null}},"66":{"start":{"line":118,"column":31},"end":{"line":118,"column":null}},"67":{"start":{"line":119,"column":16},"end":{"line":119,"column":null}},"68":{"start":{"line":121,"column":12},"end":{"line":121,"column":null}},"69":{"start":{"line":123,"column":12},"end":{"line":123,"column":null}},"70":{"start":{"line":127,"column":37},"end":{"line":138,"column":null}},"71":{"start":{"line":128,"column":8},"end":{"line":137,"column":null}},"72":{"start":{"line":130,"column":16},"end":{"line":130,"column":null}},"73":{"start":{"line":132,"column":16},"end":{"line":132,"column":null}},"74":{"start":{"line":134,"column":16},"end":{"line":134,"column":null}},"75":{"start":{"line":136,"column":16},"end":{"line":136,"column":null}},"76":{"start":{"line":140,"column":33},"end":{"line":157,"column":null}},"77":{"start":{"line":141,"column":8},"end":{"line":156,"column":null}},"78":{"start":{"line":144,"column":16},"end":{"line":144,"column":null}},"79":{"start":{"line":147,"column":16},"end":{"line":147,"column":null}},"80":{"start":{"line":150,"column":16},"end":{"line":150,"column":null}},"81":{"start":{"line":153,"column":16},"end":{"line":153,"column":null}},"82":{"start":{"line":155,"column":16},"end":{"line":155,"column":null}},"83":{"start":{"line":159,"column":34},"end":{"line":177,"column":null}},"84":{"start":{"line":160,"column":8},"end":{"line":176,"column":null}},"85":{"start":{"line":164,"column":16},"end":{"line":164,"column":null}},"86":{"start":{"line":167,"column":16},"end":{"line":167,"column":null}},"87":{"start":{"line":170,"column":16},"end":{"line":170,"column":null}},"88":{"start":{"line":173,"column":16},"end":{"line":173,"column":null}},"89":{"start":{"line":175,"column":16},"end":{"line":175,"column":null}},"90":{"start":{"line":179,"column":24},"end":{"line":188,"column":null}},"91":{"start":{"line":180,"column":8},"end":{"line":180,"column":null}},"92":{"start":{"line":180,"column":20},"end":{"line":180,"column":null}},"93":{"start":{"line":181,"column":23},"end":{"line":181,"column":null}},"94":{"start":{"line":182,"column":8},"end":{"line":186,"column":null}},"95":{"start":{"line":183,"column":12},"end":{"line":183,"column":null}},"96":{"start":{"line":184,"column":8},"end":{"line":186,"column":null}},"97":{"start":{"line":185,"column":12},"end":{"line":185,"column":null}},"98":{"start":{"line":187,"column":8},"end":{"line":187,"column":null}},"99":{"start":{"line":190,"column":36},"end":{"line":224,"column":null}},"100":{"start":{"line":191,"column":20},"end":{"line":191,"column":null}},"101":{"start":{"line":192,"column":8},"end":{"line":208,"column":null}},"102":{"start":{"line":194,"column":16},"end":{"line":194,"column":null}},"103":{"start":{"line":195,"column":16},"end":{"line":195,"column":null}},"104":{"start":{"line":197,"column":16},"end":{"line":197,"column":null}},"105":{"start":{"line":198,"column":16},"end":{"line":198,"column":null}},"106":{"start":{"line":200,"column":16},"end":{"line":200,"column":null}},"107":{"start":{"line":201,"column":16},"end":{"line":201,"column":null}},"108":{"start":{"line":203,"column":16},"end":{"line":203,"column":null}},"109":{"start":{"line":204,"column":16},"end":{"line":204,"column":null}},"110":{"start":{"line":206,"column":16},"end":{"line":206,"column":null}},"111":{"start":{"line":207,"column":16},"end":{"line":207,"column":null}},"112":{"start":{"line":209,"column":8},"end":{"line":222,"column":null}},"113":{"start":{"line":226,"column":4},"end":{"line":288,"column":null}},"114":{"start":{"line":227,"column":26},"end":{"line":284,"column":null}},"115":{"start":{"line":228,"column":12},"end":{"line":228,"column":null}},"116":{"start":{"line":229,"column":12},"end":{"line":234,"column":null}},"117":{"start":{"line":230,"column":30},"end":{"line":230,"column":null}},"118":{"start":{"line":231,"column":16},"end":{"line":231,"column":null}},"119":{"start":{"line":233,"column":16},"end":{"line":233,"column":null}},"120":{"start":{"line":236,"column":12},"end":{"line":245,"column":null}},"121":{"start":{"line":237,"column":29},"end":{"line":237,"column":null}},"122":{"start":{"line":238,"column":37},"end":{"line":238,"column":null}},"123":{"start":{"line":239,"column":16},"end":{"line":241,"column":null}},"124":{"start":{"line":240,"column":20},"end":{"line":240,"column":null}},"125":{"start":{"line":242,"column":16},"end":{"line":242,"column":null}},"126":{"start":{"line":244,"column":16},"end":{"line":244,"column":null}},"127":{"start":{"line":247,"column":12},"end":{"line":256,"column":null}},"128":{"start":{"line":248,"column":28},"end":{"line":248,"column":null}},"129":{"start":{"line":249,"column":39},"end":{"line":249,"column":null}},"130":{"start":{"line":250,"column":16},"end":{"line":252,"column":null}},"131":{"start":{"line":251,"column":20},"end":{"line":251,"column":null}},"132":{"start":{"line":253,"column":16},"end":{"line":253,"column":null}},"133":{"start":{"line":255,"column":16},"end":{"line":255,"column":null}},"134":{"start":{"line":258,"column":12},"end":{"line":268,"column":null}},"135":{"start":{"line":259,"column":29},"end":{"line":259,"column":null}},"136":{"start":{"line":260,"column":34},"end":{"line":260,"column":null}},"137":{"start":{"line":261,"column":16},"end":{"line":263,"column":null}},"138":{"start":{"line":262,"column":20},"end":{"line":262,"column":null}},"139":{"start":{"line":264,"column":22},"end":{"line":264,"column":null}},"140":{"start":{"line":264,"column":79},"end":{"line":264,"column":158}},"141":{"start":{"line":265,"column":16},"end":{"line":265,"column":null}},"142":{"start":{"line":267,"column":16},"end":{"line":267,"column":null}},"143":{"start":{"line":270,"column":12},"end":{"line":281,"column":null}},"144":{"start":{"line":271,"column":16},"end":{"line":280,"column":null}},"145":{"start":{"line":272,"column":34},"end":{"line":272,"column":null}},"146":{"start":{"line":273,"column":40},"end":{"line":273,"column":null}},"147":{"start":{"line":274,"column":20},"end":{"line":276,"column":null}},"148":{"start":{"line":275,"column":24},"end":{"line":275,"column":null}},"149":{"start":{"line":277,"column":20},"end":{"line":277,"column":null}},"150":{"start":{"line":279,"column":20},"end":{"line":279,"column":null}},"151":{"start":{"line":283,"column":12},"end":{"line":283,"column":null}},"152":{"start":{"line":285,"column":8},"end":{"line":287,"column":null}},"153":{"start":{"line":286,"column":12},"end":{"line":286,"column":null}},"154":{"start":{"line":290,"column":4},"end":{"line":290,"column":null}},"155":{"start":{"line":290,"column":24},"end":{"line":290,"column":null}},"156":{"start":{"line":292,"column":4},"end":{"line":294,"column":null}},"157":{"start":{"line":293,"column":8},"end":{"line":293,"column":null}},"158":{"start":{"line":296,"column":4},"end":{"line":298,"column":null}},"159":{"start":{"line":297,"column":8},"end":{"line":297,"column":null}},"160":{"start":{"line":300,"column":23},"end":{"line":300,"column":null}},"161":{"start":{"line":301,"column":23},"end":{"line":301,"column":null}},"162":{"start":{"line":303,"column":31},"end":{"line":308,"column":null}},"163":{"start":{"line":304,"column":25},"end":{"line":304,"column":null}},"164":{"start":{"line":305,"column":8},"end":{"line":305,"column":null}},"165":{"start":{"line":305,"column":39},"end":{"line":305,"column":null}},"166":{"start":{"line":306,"column":8},"end":{"line":306,"column":null}},"167":{"start":{"line":306,"column":41},"end":{"line":306,"column":null}},"168":{"start":{"line":307,"column":8},"end":{"line":307,"column":null}},"169":{"start":{"line":310,"column":4},"end":{"line":767,"column":null}},"170":{"start":{"line":315,"column":73},"end":{"line":315,"column":97}},"171":{"start":{"line":334,"column":81},"end":{"line":334,"column":130}},"172":{"start":{"line":338,"column":79},"end":{"line":338,"column":129}},"173":{"start":{"line":398,"column":57},"end":{"line":398,"column":null}},"174":{"start":{"line":407,"column":86},"end":{"line":407,"column":117}},"175":{"start":{"line":425,"column":36},"end":{"line":445,"column":null}},"176":{"start":{"line":425,"column":147},"end":{"line":425,"column":242}},"177":{"start":{"line":455,"column":85},"end":{"line":455,"column":119}},"178":{"start":{"line":472,"column":55},"end":{"line":472,"column":null}},"179":{"start":{"line":473,"column":36},"end":{"line":521,"column":null}},"180":{"start":{"line":474,"column":114},"end":{"line":474,"column":151}},"181":{"start":{"line":501,"column":113},"end":{"line":501,"column":null}},"182":{"start":{"line":505,"column":75},"end":{"line":505,"column":null}},"183":{"start":{"line":513,"column":75},"end":{"line":513,"column":null}},"184":{"start":{"line":536,"column":83},"end":{"line":536,"colu
[...]
lumn":25}},"loc":{"start":{"line":127,"column":86},"end":{"line":129,"column":null}},"line":127},"22":{"name":"(anonymous_22)","decl":{"start":{"line":132,"column":14},"end":{"line":132,"column":21}},"loc":{"start":{"line":132,"column":63},"end":{"line":135,"column":null}},"line":132},"23":{"name":"(anonymous_23)","decl":{"start":{"line":137,"column":17},"end":{"line":137,"column":24}},"loc":{"start":{"line":137,"column":82},"end":{"line":140,"column":null}},"line":137},"24":{"name":"(anonymous_24)","decl":{"start":{"line":142,"column":16},"end":{"line":142,"column":23}},"loc":{"start":{"line":142,"column":77},"end":{"line":145,"column":null}},"line":142},"25":{"name":"(anonymous_25)","decl":{"start":{"line":147,"column":16},"end":{"line":147,"column":23}},"loc":{"start":{"line":147,"column":95},"end":{"line":150,"column":null}},"line":147},"26":{"name":"(anonymous_26)","decl":{"start":{"line":152,"column":16},"end":{"line":152,"column":23}},"loc":{"start":{"line":152,"column":82},"end":{"line":154,"column":null}},"line":152},"27":{"name":"(anonymous_27)","decl":{"start":{"line":156,"column":15},"end":{"line":156,"column":22}},"loc":{"start":{"line":156,"column":109},"end":{"line":159,"column":null}},"line":156}},"branchMap":{},"s":{"0":0,"1":0,"2":0,"3":0,"4":0,"5":0,"6":0,"7":0,"8":0,"9":0,"10":0,"11":0,"12":0,"13":0,"14":0,"15":0,"16":0,"17":0,"18":0,"19":0,"20":0,"21":0,"22":0,"23":0,"24":0,"25":0,"26":0,"27":0,"28":0,"29":0,"30":0,"31":0,"32":0,"33":0,"34":0,"35":0,"36":0,"37":0,"38":0,"39":0,"40":0,"41":0,"42":0,"43":0,"44":0,"45":0,"46":0,"47":0,"48":0,"49":0,"50":0,"51":0,"52":0},"f":{"0":0,"1":0,"2":0,"3":0,"4":0,"5":0,"6":0,"7":0,"8":0,"9":0,"10":0,"11":0,"12":0,"13":0,"14":0,"15":0,"16":0,"17":0,"18":0,"19":0,"20":0,"21":0,"22":0,"23":0,"24":0,"25":0,"26":0,"27":0},"b":{},"meta":{"lastBranch":0,"lastFunction":28,"lastStatement":53,"seen":{"s:15:27:160:Infinity":0,"f:17:10:17:46":0,"s:18:21:18:Infinity":1,"s:19:4:19:Infinity":2,"f:22:21:22:57":1,"s:23:21:23:Infinity":3,"s:24:4:24:Infinity":4,"f:27:11:27:18":2,"s:28:21:28:Infinity":5,"s:29:4:29:Infinity":6,"f:32:10:32:17":3,"s:33:21:33:Infinity":7,"s:34:4:34:Infinity":8,"f:38:14:38:21":4,"s:39:21:39:Infinity":9,"s:40:4:40:Infinity":10,"f:43:13:43:20":5,"s:44:4:44:Infinity":11,"f:47:16:47:23":6,"s:48:4:48:Infinity":12,"f:52:17:52:24":7,"s:53:21:53:Infinity":13,"s:54:4:54:Infinity":14,"f:57:18:57:25":8,"s:58:21:58:Infinity":15,"s:59:4:59:Infinity":16,"f:62:17:62:24":9,"s:63:21:63:Infinity":17,"s:64:4:64:Infinity":18,"f:68:19:68:26":10,"s:69:21:69:Infinity":19,"s:70:4:70:Infinity":20,"f:73:21:73:28":11,"s:74:21:74:Infinity":21,"s:75:4:75:Infinity":22,"f:78:22:78:29":12,"s:79:21:79:Infinity":23,"s:80:4:80:Infinity":24,"f:83:21:83:28":13,"s:84:21:86:Infinity":25,"s:87:4:87:Infinity":26,"f:91:23:91:30":14,"s:92:21:92:Infinity":27,"s:93:4:93:Infinity":28,"f:96:21:96:28":15,"s:97:21:97:Infinity":29,"s:98:4:98:Infinity":30,"f:101:24:101:31":16,"s:102:21:102:Infinity":31,"s:103:4:103:Infinity":32,"f:107:16:107:23":17,"s:108:21:108:Infinity":33,"s:109:4:109:Infinity":34,"f:112:19:112:26":18,"s:113:21:113:Infinity":35,"s:114:4:114:Infinity":36,"f:117:18:117:25":19,"s:118:21:118:Infinity":37,"s:119:4:119:Infinity":38,"f:122:18:122:25":20,"s:123:21:123:Infinity":39,"s:124:4:124:Infinity":40,"f:127:18:127:25":21,"s:128:4:128:Infinity":41,"f:132:14:132:21":22,"s:133:21:133:Infinity":42,"s:134:4:134:Infinity":43,"f:137:17:137:24":23,"s:138:21:138:Infinity":44,"s:139:4:139:Infinity":45,"f:142:16:142:23":24,"s:143:21:143:Infinity":46,"s:144:4:144:Infinity":47,"f:147:16:147:23":25,"s:148:21:148:Infinity":48,"s:149:4:149:Infinity":49,"f:152:16:152:23":26,"s:153:4:153:Infinity":50,"f:156:15:156:22":27,"s:157:21:157:Infinity":51,"s:158:4:158:Infinity":52},"fnNames":{}}}
,"C:\\Users\\Gustavo H. Martins\\tcc\\frontend-sindigo\\frontend\\src\\services\\reportService.ts": {"path":"C:\\Users\\Gustavo H. Martins\\tcc\\frontend-sindigo\\frontend\\src\\services\\reportService.ts","statementMap":{"0":{"start":{"line":3,"column":21},"end":{"line":30,"column":null}},"1":{"start":{"line":5,"column":19},"end":{"line":5,"column":null}},"2":{"start":{"line":6,"column":24},"end":{"line":6,"column":null}},"3":{"start":{"line":7,"column":4},"end":{"line":13,"column":null}},"4":{"start":{"line":8,"column":30},"end":{"line":8,"column":null}},"5":{"start":{"line":9,"column":24},"end":{"line":9,"column":null}},"6":{"start":{"line":10,"column":8},"end":{"line":12,"column":null}},"7":{"start":{"line":11,"column":12},"end":{"line":11,"column":null}},"8":{"start":{"line":16,"column":16},"end":{"line":16,"column":null}},"9":{"start":{"line":17,"column":17},"end":{"line":17,"column":null}},"10":{"start":{"line":18,"column":4},"end":{"line":18,"column":null}},"11":{"start":{"line":19,"column":4},"end":{"line":19,"column":null}},"12":{"start":{"line":22,"column":4},"end":{"line":22,"column":null}},"13":{"start":{"line":24,"column":4},"end":{"line":24,"column":null}},"14":{"start":{"line":26,"column":4},"end":{"line":28,"column":null}},"15":{"start":{"line":27,"column":8},"end":{"line":27,"column":null}},"16":{"start":{"line":29,"column":4},"end":{"line":29,"column":null}},"17":{"start":{"line":32,"column":22},"end":{"line":69,"column":null}},"18":{"start":{"line":34,"column":25},"end":{"line":36,"column":null}},"19":{"start":{"line":37,"column":8},"end":{"line":37,"column":null}},"20":{"start":{"line":41,"column":25},"end":{"line":44,"column":null}},"21":{"start":{"line":45,"column":8},"end":{"line":45,"column":null}},"22":{"start":{"line":49,"column":25},"end":{"line":51,"column":null}},"23":{"start":{"line":52,"column":8},"end":{"line":52,"column":null}},"24":{"start":{"line":56,"column":25},"end":{"line":58,"column":null}},"25":{"start":{"line":59,"column":8},"end":{"line":59,"column":null}},"26":{"start":{"line":63,"column":25},"end":{"line":66,"column":null}},"27":{"start":{"line":67,"column":8},"end":{"line":67,"column":null}}},"fnMap":{"0":{"name":"(anonymous_0)","decl":{"start":{"line":3,"column":21},"end":{"line":3,"column":22}},"loc":{"start":{"line":3,"column":65},"end":{"line":30,"column":null}},"line":3},"1":{"name":"(anonymous_1)","decl":{"start":{"line":33,"column":15},"end":{"line":33,"column":22}},"loc":{"start":{"line":33,"column":48},"end":{"line":38,"column":null}},"line":33},"2":{"name":"(anonymous_2)","decl":{"start":{"line":40,"column":20},"end":{"line":40,"column":27}},"loc":{"start":{"line":40,"column":89},"end":{"line":46,"column":null}},"line":40},"3":{"name":"(anonymous_3)","decl":{"start":{"line":48,"column":22},"end":{"line":48,"column":29}},"loc":{"start":{"line":48,"column":55},"end":{"line":53,"column":null}},"line":48},"4":{"name":"(anonymous_4)","decl":{"start":{"line":55,"column":23},"end":{"line":55,"column":30}},"loc":{"start":{"line":55,"column":56},"end":{"line":60,"column":null}},"line":55},"5":{"name":"(anonymous_5)","decl":{"start":{"line":62,"column":19},"end":{"line":62,"column":26}},"loc":{"start":{"line":62,"column":67},"end":{"line":68,"column":null}},"line":62}},"branchMap":{"0":{"loc":{"start":{"line":7,"column":4},"end":{"line":13,"column":null}},"type":"if","locations":[{"start":{"line":7,"column":4},"end":{"line":13,"column":null}},{"start":{},"end":{}}],"line":7},"1":{"loc":{"start":{"line":7,"column":8},"end":{"line":7,"column":65}},"type":"binary-expr","locations":[{"start":{"line":7,"column":8},"end":{"line":7,"column":23}},{"start":{"line":7,"column":23},"end":{"line":7,"column":65}}],"line":7},"2":{"loc":{"start":{"line":10,"column":8},"end":{"line":12,"column":null}},"type":"if","locations":[{"start":{"line":10,"column":8},"end":{"line":12,"column":null}},{"start":{},"end":{}}],"line":10},"3":{"loc":{"start":{"line":10,"column":12},"end":{"line":10,"column":43}},"type":"binary-expr","locations":[{"start":{"line":10,"column":12},"end":{"line":10,"column":31}},{"start":{"line":10,"column":31},"end":{"line":10,"column":43}}],"line":10},"4":{"loc":{"start":{"line":26,"column":4},"end":{"line":28,"column":null}},"type":"if","locations":[{"start":{"line":26,"column":4},"end":{"line":28,"column":null}},{"start":{},"end":{}}],"line":26}},"s":{"0":0,"1":0,"2":0,"3":0,"4":0,"5":0,"6":0,"7":0,"8":0,"9":0,"10":0,"11":0,"12":0,"13":0,"14":0,"15":0,"16":0,"17":0,"18":0,"19":0,"20":0,"21":0,"22":0,"23":0,"24":0,"25":0,"26":0,"27":0},"f":{"0":0,"1":0,"2":0,"3":0,"4":0,"5":0},"b":{"0":[0,0],"1":[0,0],"2":[0,0],"3":[0,0],"4":[0,0]},"meta":{"lastBranch":5,"lastFunction":6,"lastStatement":28,"seen":{"s:3:21:30:Infinity":0,"f:3:21:3:22":0,"s:5:19:5:Infinity":1,"s:6:24:6:Infinity":2,"b:7:4:13:Infinity:undefined:undefined:undefined:undefined":0,"s:7:4:13:Infinity":3,"b:7:8:7:23:7:23:7:65":1,"s:8:30:8:Infinity":4,"s:9:24:9:Infinity":5,"b:10:8:12:Infinity:undefined:undefined:undefined:undefined":2,"s:10:8:12:Infinity":6,"b:10:12:10:31:10:31:10:43":3,"s:11:12:11:Infinity":7,"s:16:16:16:Infinity":8,"s:17:17:17:Infinity":9,"s:18:4:18:Infinity":10,"s:19:4:19:Infinity":11,"s:22:4:22:Infinity":12,"s:24:4:24:Infinity":13,"b:26:4:28:Infinity:undefined:undefined:undefined:undefined":4,"s:26:4:28:Infinity":14,"s:27:8:27:Infinity":15,"s:29:4:29:Infinity":16,"s:32:22:69:Infinity":17,"f:33:15:33:22":1,"s:34:25:36:Infinity":18,"s:37:8:37:Infinity":19,"f:40:20:40:27":2,"s:41:25:44:Infinity":20,"s:45:8:45:Infinity":21,"f:48:22:48:29":3,"s:49:25:51:Infinity":22,"s:52:8:52:Infinity":23,"f:55:23:55:30":4,"s:56:25:58:Infinity":24,"s:59:8:59:Infinity":25,"f:62:19:62:26":5,"s:63:25:66:Infinity":26,"s:67:8:67:Infinity":27},"fnNames":{}}}
,"C:\\Users\\Gustavo H. Martins\\tcc\\frontend-sindigo\\frontend\\src\\services\\userService.ts": {"path":"C:\\Users\\Gustavo H. Martins\\tcc\\frontend-sindigo\\frontend\\src\\services\\userService.ts","statementMap":{"0":{"start":{"line":20,"column":4},"end":{"line":32,"column":null}},"1":{"start":{"line":21,"column":23},"end":{"line":24,"column":null}},"2":{"start":{"line":25,"column":6},"end":{"line":25,"column":null}},"3":{"start":{"line":27,"column":6},"end":{"line":27,"column":null}},"4":{"start":{"line":28,"column":6},"end":{"line":30,"column":null}},"5":{"start":{"line":29,"column":8},"end":{"line":29,"column":null}},"6":{"start":{"line":31,"column":6},"end":{"line":31,"column":null}}},"fnMap":{"0":{"name":"changeUserRole","decl":{"start":{"line":19,"column":15},"end":{"line":19,"column":30}},"loc":{"start":{"line":19,"column":108},"end":{"line":33,"column":null}},"line":19}},"branchMap":{"0":{"loc":{"start":{"line":28,"column":6},"end":{"line":30,"column":null}},"type":"if","locations":[{"start":{"line":28,"column":6},"end":{"line":30,"column":null}},{"start":{},"end":{}}],"line":28},"1":{"loc":{"start":{"line":28,"column":10},"end":{"line":28,"column":59}},"type":"binary-expr","locations":[{"start":{"line":28,"column":10},"end":{"line":28,"column":28}},{"start":{"line":28,"column":28},"end":{"line":28,"column":59}}],"line":28},"2":{"loc":{"start":{"line":31,"column":22},"end":{"line":31,"column":87}},"type":"binary-expr","locations":[{"start":{"line":31,"column":22},"end":{"line":31,"column":53}},{"start":{"line":31,"column":53},"end":{"line":31,"column":87}}],"line":31}},"s":{"0":0,"1":0,"2":0,"3":0,"4":0,"5":0,"6":0},"f":{"0":0},"b":{"0":[0,0],"1":[0,0],"2":[0,0]},"meta":{"lastBranch":3,"lastFunction":1,"lastStatement":7,"seen":{"f:19:15:19:30":0,"s:20:4:32:Infinity":0,"s:21:23:24:Infinity":1,"s:25:6:25:Infinity":2,"s:27:6:27:Infinity":3,"b:28:6:30:Infinity:undefined:undefined:undefined:undefined":0,"s:28:6:30:Infinity":4,"b:28:10:28:28:28:28:28:59":1,"s:29:8:29:Infinity":5,"s:31:6:31:Infinity":6,"b:31:22:31:53:31:53:31:87":2},"fnNames":{}}}
,"C:\\Users\\Gustavo H. Martins\\tcc\\frontend-sindigo\\frontend\\src\\types\\index.ts": {"path":"C:\\Users\\Gustavo H. Martins\\tcc\\frontend-sindigo\\frontend\\src\\types\\index.ts","statementMap":{},"fnMap":{},"branchMap":{},"s":{},"f":{},"b":{},"meta":{"lastBranch":0,"lastFunction":0,"lastStatement":0,"seen":{},"fnNames":{}}}
,"C:\\Users\\Gustavo H. Martins\\tcc\\frontend-sindigo\\frontend\\src\\utils\\customAlert.ts": {"path":"C:\\Users\\Gustavo H. Martins\\tcc\\frontend-sindigo\\frontend\\src\\utils\\customAlert.ts","statementMap":{"0":{"start":{"line":1,"column":20},"end":{"line":179,"column":null}},"1":{"start":{"line":3,"column":20},"end":{"line":3,"column":null}},"2":{"start":{"line":4,"column":4},"end":{"line":8,"column":null}},"3":{"start":{"line":5,"column":8},"end":{"line":5,"column":null}},"4":{"start":{"line":6,"column":8},"end":{"line":6,"column":null}},"5":{"start":{"line":7,"column":8},"end":{"line":7,"column":null}},"6":{"start":{"line":11,"column":4},"end":{"line":109,"column":null}},"7":{"start":{"line":12,"column":22},"end":{"line":12,"column":null}},"8":{"start":{"line":13,"column":8},"end":{"line":13,"column":null}},"9":{"start":{"line":14,"column":8},"end":{"line":14,"column":null}},"10":{"start":{"line":108,"column":8},"end":{"line":108,"column":null}},"11":{"start":{"line":112,"column":21},"end":{"line":112,"column":null}},"12":{"start":{"line":113,"column":22},"end":{"line":119,"column":null}},"13":{"start":{"line":121,"column":18},"end":{"line":121,"column":null}},"14":{"start":{"line":122,"column":4},"end":{"line":122,"column":null}},"15":{"start":{"line":125,"column":24},"end":{"line":125,"column":null}},"16":{"start":{"line":131,"column":22},"end":{"line":131,"column":null}},"17":{"start":{"line":138,"column":22},"end":{"line":138,"column":null}},"18":{"start":{"line":145,"column":4},"end":{"line":149,"column":null}},"19":{"start":{"line":154,"column":20},"end":{"line":162,"column":null}},"20":{"start":{"line":155,"column":8},"end":{"line":155,"column":null}},"21":{"start":{"line":155,"column":50},"end":{"line":155,"column":null}},"22":{"start":{"line":156,"column":8},"end":{"line":156,"column":null}},"23":{"start":{"line":157,"column":8},"end":{"line":161,"column":null}},"24":{"start":{"line":158,"column":12},"end":{"line":160,"column":null}},"25":{"start":{"line":159,"column":16},"end":{"line":159,"column":null}},"26":{"start":{"line":165,"column":22},"end":{"line":165,"column":null}},"27":{"start":{"line":168,"column":21},"end":{"line":168,"column":null}},"28":{"start":{"line":169,"column":4},"end":{"line":176,"column":null}},"29":{"start":{"line":170,"column":8},"end":{"line":175,"column":null}},"30":{"start":{"line":171,"column":12},"end":{"line":171,"column":null}},"31":{"start":{"line":172,"column":12},"end":{"line":172,"column":null}},"32":{"start":{"line":173,"column":12},"end":{"line":173,"column":null}},"33":{"start":{"line":174,"column":12},"end":{"line":174,"column":null}},"34":{"start":{"line":178,"column":4},"end":{"line":178,"column":null}},"35":{"start":{"line":182,"column":0},"end":{"line":184,"column":null}},"36":{"start":{"line":183,"column":5},"end":{"line":183,"column":null}}},"fnMap":{"0":{"name":"(anonymous_0)","decl":{"start":{"line":1,"column":20},"end":{"line":1,"column":21}},"loc":{"start":{"line":1,"column":41},"end":{"line":179,"column":null}},"line":1},"1":{"name":"(anonymous_1)","decl":{"start":{"line":154,"column":20},"end":{"line":154,"column":26}},"loc":{"start":{"line":154,"column":26},"end":{"line":162,"column":null}},"line":154},"2":{"name":"(anonymous_2)","decl":{"start":{"line":157,"column":19},"end":{"line":157,"column":25}},"loc":{"start":{"line":157,"column":25},"end":{"line":161,"column":11}},"line":157},"3":{"name":"(anonymous_3)","decl":{"start":{"line":170,"column":43},"end":{"line":170,"column":44}},"loc":{"start":{"line":170,"column":50},"end":{"line":175,"column":9}},"line":170}},"branchMap":{"0":{"loc":{"start":{"line":4,"column":4},"end":{"line":8,"column":null}},"type":"if","locations":[{"start":{"line":4,"column":4},"end":{"line":8,"column":null}},{"start":{},"end":{}}],"line":4},"1":{"loc":{"start":{"line":11,"column":4},"end":{"line":109,"column":null}},"type":"if","locations":[{"start":{"line":11,"column":4},"end":{"line":109,"column":null}},{"start":{},"end":{}}],"line":11},"2":{"loc":{"start":{"line":113,"column":22},"end":{"line":119,"column":null}},"type":"binary-expr","locations":[{"start":{"line":113,"column":22},"end":{"line":113,"column":null}},{"start":{"line":114,"column":22},"end":{"line":114,"column":null}},{"start":{"line":115,"column":22},"end":{"line":115,"column":null}},{"start":{"line":116,"column":22},"end":{"line":116,"column":null}},{"start":{"line":117,"column":22},"end":{"line":117,"column":null}},{"start":{"line":118,"column":22},"end":{"line":118,"column":null}},{"start":{"line":119,"column":22},"end":{"line":119,"column":null}}],"line":113},"3":{"loc":{"start":{"line":122,"column":38},"end":{"line":122,"column":81}},"type":"cond-expr","locations":[{"start":{"line":122,"column":50},"end":{"line":122,"column":68}},{"start":{"line":122,"column":68},"end":{"line":122,"column":81}}],"line":122},"4":{"loc":{"start":{"line":146,"column":10},"end":{"line":146,"column":45}},"type":"cond-expr","locations":[{"start":{"line":146,"column":22},"end":{"line":146,"column":36}},{"start":{"line":146,"column":36},"end":{"line":146,"column":45}}],"line":146},"5":{"loc":{"start":{"line":155,"column":8},"end":{"line":155,"column":null}},"type":"if","locations":[{"start":{"line":155,"column":8},"end":{"line":155,"column":null}},{"start":{},"end":{}}],"line":155},"6":{"loc":{"start":{"line":158,"column":12},"end":{"line":160,"column":null}},"type":"if","locations":[{"start":{"line":158,"column":12},"end":{"line":160,"column":null}},{"start":{},"end":{}}],"line":158},"7":{"loc":{"start":{"line":169,"column":4},"end":{"line":176,"column":null}},"type":"if","locations":[{"start":{"line":169,"column":4},"end":{"line":176,"column":null}},{"start":{},"end":{}}],"line":169},"8":{"loc":{"start":{"line":182,"column":0},"end":{"line":184,"column":null}},"type":"if","locations":[{"start":{"line":182,"column":0},"end":{"line":184,"column":null}},{"start":{},"end":{}}],"line":182}},"s":{"0":0,"1":0,"2":0,"3":0,"4":0,"5":0,"6":0,"7":0,"8":0,"9":0,"10":0,"11":0,"12":0,"13":0,"14":0,"15":0,"16":0,"17":0,"18":0,"19":0,"20":0,"21":0,"22":0,"23":0,"24":0,"25":0,"26":0,"27":0,"28":0,"29":0,"30":0,"31":0,"32":0,"33":0,"34":0,"35":0,"36":0},"f":{"0":0,"1":0,"2":0,"3":0},"b":{"0":[0,0],"1":[0,0],"2":[0,0,0,0,0,0,0],"3":[0,0],"4":[0,0],"5":[0,0],"6":[0,0],"7":[0,0],"8":[0,0]},"meta":{"lastBranch":9,"lastFunction":4,"lastStatement":37,"seen":{"s:1:20:179:Infinity":0,"f:1:20:1:21":0,"s:3:20:3:Infinity":1,"b:4:4:8:Infinity:undefined:undefined:undefined:undefined":0,"s:4:4:8:Infinity":2,"s:5:8:5:Infinity":3,"s:6:8:6:Infinity":4,"s:7:8:7:Infinity":5,"b:11:4:109:Infinity:undefined:undefined:undefined:undefined":1,"s:11:4:109:Infinity":6,"s:12:22:12:Infinity":7,"s:13:8:13:Infinity":8,"s:14:8:14:Infinity":9,"s:108:8:108:Infinity":10,"s:112:21:112:Infinity":11,"s:113:22:119:Infinity":12,"b:113:22:113:Infinity:114:22:114:Infinity:115:22:115:Infinity:116:22:116:Infinity:117:22:117:Infinity:118:22:118:Infinity:119:22:119:Infinity":2,"s:121:18:121:Infinity":13,"s:122:4:122:Infinity":14,"b:122:50:122:68:122:68:122:81":3,"s:125:24:125:Infinity":15,"s:131:22:131:Infinity":16,"s:138:22:138:Infinity":17,"s:145:4:149:Infinity":18,"b:146:22:146:36:146:36:146:45":4,"s:154:20:162:Infinity":19,"f:154:20:154:26":1,"b:155:8:155:Infinity:undefined:undefined:undefined:undefined":5,"s:155:8:155:Infinity":20,"s:155:50:155:Infinity":21,"s:156:8:156:Infinity":22,"s:157:8:161:Infinity":23,"f:157:19:157:25":2,"b:158:12:160:Infinity:undefined:undefined:undefined:undefined":6,"s:158:12:160:Infinity":24,"s:159:16:159:Infinity":25,"s:165:22:165:Infinity":26,"s:168:21:168:Infinity":27,"b:169:4:176:Infinity:undefined:undefined:undefined:undefined":7,"s:169:4:176:Infinity":28,"s:170:8:175:Infinity":29,"f:170:43:170:44":3,"s:171:12:171:Infinity":30,"s:172:12:172:Infinity":31,"s:173:12:173:Infinity":32,"s:174:12:174:Infinity":33,"s:178:4:178:Infinity":34,"b:182:0:184:Infinity:undefined:undefined:undefined:undefined":8,"s:182:0:184:Infinity":35,"s:183:5:183:Infinity":36},"fnNames":{}}}
}
