{"C:\\Users\\Gustavo H. Martins\\tcc\\frontend-sindigo\\frontend\\src\\components\\BuildingCard.tsx": {"path":"C:\\Users\\Gustavo H. Martins\\tcc\\frontend-sindigo\\frontend\\src\\components\\BuildingCard.tsx","statementMap":{"0":{"start":{"line":12,"column":57},"end":{"line":54,"column":null}},"1":{"start":{"line":13,"column":4},"end":{"line":52,"column":null}},"2":{"start":{"line":48,"column":121},"end":{"line":48,"column":142}},"3":{"start":{"line":48,"column":142},"end":{"line":48,"column":155}}},"fnMap":{"0":{"name":"(anonymous_0)","decl":{"start":{"line":12,"column":57},"end":{"line":12,"column":58}},"loc":{"start":{"line":12,"column":80},"end":{"line":54,"column":null}},"line":12},"1":{"name":"(anonymous_1)","decl":{"start":{"line":48,"column":112},"end":{"line":48,"column":113}},"loc":{"start":{"line":48,"column":119},"end":{"line":48,"column":158}},"line":48}},"branchMap":{"0":{"loc":{"start":{"line":21,"column":25},"end":{"line":21,"column":null}},"type":"cond-expr","locations":[{"start":{"line":21,"column":45},"end":{"line":21,"column":74}},{"start":{"line":21,"column":74},"end":{"line":21,"column":null}}],"line":21},"1":{"loc":{"start":{"line":34,"column":21},"end":{"line":37,"column":null}},"type":"cond-expr","locations":[{"start":{"line":35,"column":24},"end":{"line":35,"column":null}},{"start":{"line":37,"column":24},"end":{"line":37,"column":null}}],"line":34}},"s":{"0":1,"1":7,"2":1,"3":1},"f":{"0":7,"1":1},"b":{"0":[1,6],"1":[1,6]},"meta":{"lastBranch":2,"lastFunction":2,"lastStatement":4,"seen":{"s:12:57:54:Infinity":0,"f:12:57:12:58":0,"s:13:4:52:Infinity":1,"b:21:45:21:74:21:74:21:Infinity":0,"b:35:24:35:Infinity:37:24:37:Infinity":1,"f:48:112:48:113":1,"s:48:121:48:142":2,"s:48:142:48:155":3},"fnNames":{}}}
,"C:\\Users\\Gustavo H. Martins\\tcc\\frontend-sindigo\\frontend\\src\\components\\CustomSelect.tsx": {"path":"C:\\Users\\Gustavo H. Martins\\tcc\\frontend-sindigo\\frontend\\src\\components\\CustomSelect.tsx","statementMap":{"0":{"start":{"line":17,"column":28},"end":{"line":96,"column":null}},"1":{"start":{"line":24,"column":28},"end":{"line":24,"column":null}},"2":{"start":{"line":25,"column":10},"end":{"line":25,"column":null}},"3":{"start":{"line":27,"column":4},"end":{"line":35,"column":null}},"4":{"start":{"line":28,"column":35},"end":{"line":32,"column":null}},"5":{"start":{"line":29,"column":12},"end":{"line":31,"column":null}},"6":{"start":{"line":30,"column":16},"end":{"line":30,"column":null}},"7":{"start":{"line":33,"column":8},"end":{"line":33,"column":null}},"8":{"start":{"line":34,"column":8},"end":{"line":34,"column":null}},"9":{"start":{"line":34,"column":21},"end":{"line":34,"column":null}},"10":{"start":{"line":37,"column":27},"end":{"line":37,"column":null}},"11":{"start":{"line":37,"column":47},"end":{"line":37,"column":66}},"12":{"start":{"line":39,"column":25},"end":{"line":43,"column":null}},"13":{"start":{"line":40,"column":8},"end":{"line":42,"column":null}},"14":{"start":{"line":41,"column":12},"end":{"line":41,"column":null}},"15":{"start":{"line":45,"column":4},"end":{"line":94,"column":null}},"16":{"start":{"line":81,"column":24},"end":{"line":90,"column":null}},"17":{"start":{"line":85,"column":32},"end":{"line":85,"column":null}},"18":{"start":{"line":86,"column":32},"end":{"line":86,"column":null}}},"fnMap":{"0":{"name":"(anonymous_0)","decl":{"start":{"line":17,"column":28},"end":{"line":17,"column":56}},"loc":{"start":{"line":23,"column":28},"end":{"line":96,"column":null}},"line":23},"1":{"name":"(anonymous_1)","decl":{"start":{"line":27,"column":14},"end":{"line":27,"column":20}},"loc":{"start":{"line":27,"column":20},"end":{"line":35,"column":7}},"line":27},"2":{"name":"(anonymous_2)","decl":{"start":{"line":28,"column":35},"end":{"line":28,"column":36}},"loc":{"start":{"line":28,"column":58},"end":{"line":32,"column":null}},"line":28},"3":{"name":"(anonymous_3)","decl":{"start":{"line":34,"column":15},"end":{"line":34,"column":21}},"loc":{"start":{"line":34,"column":21},"end":{"line":34,"column":null}},"line":34},"4":{"name":"(anonymous_4)","decl":{"start":{"line":37,"column":40},"end":{"line":37,"column":47}},"loc":{"start":{"line":37,"column":47},"end":{"line":37,"column":66}},"line":37},"5":{"name":"(anonymous_5)","decl":{"start":{"line":39,"column":25},"end":{"line":39,"column":31}},"loc":{"start":{"line":39,"column":31},"end":{"line":43,"column":null}},"line":39},"6":{"name":"(anonymous_6)","decl":{"start":{"line":80,"column":33},"end":{"line":80,"column":34}},"loc":{"start":{"line":81,"column":24},"end":{"line":90,"column":null}},"line":81},"7":{"name":"(anonymous_7)","decl":{"start":{"line":84,"column":37},"end":{"line":84,"column":43}},"loc":{"start":{"line":84,"column":43},"end":{"line":87,"column":null}},"line":84}},"branchMap":{"0":{"loc":{"start":{"line":21,"column":4},"end":{"line":21,"column":null}},"type":"default-arg","locations":[{"start":{"line":21,"column":18},"end":{"line":21,"column":null}}],"line":21},"1":{"loc":{"start":{"line":22,"column":4},"end":{"line":22,"column":null}},"type":"default-arg","locations":[{"start":{"line":22,"column":15},"end":{"line":22,"column":null}}],"line":22},"2":{"loc":{"start":{"line":29,"column":12},"end":{"line":31,"column":null}},"type":"if","locations":[{"start":{"line":29,"column":12},"end":{"line":31,"column":null}},{"start":{},"end":{}}],"line":29},"3":{"loc":{"start":{"line":29,"column":16},"end":{"line":29,"column":94}},"type":"binary-expr","locations":[{"start":{"line":29,"column":16},"end":{"line":29,"column":40}},{"start":{"line":29,"column":40},"end":{"line":29,"column":94}}],"line":29},"4":{"loc":{"start":{"line":40,"column":8},"end":{"line":42,"column":null}},"type":"if","locations":[{"start":{"line":40,"column":8},"end":{"line":42,"column":null}},{"start":{},"end":{}}],"line":40},"5":{"loc":{"start":{"line":49,"column":66},"end":{"line":49,"column":83}},"type":"cond-expr","locations":[{"start":{"line":49,"column":75},"end":{"line":49,"column":81}},{"start":{"line":49,"column":81},"end":{"line":49,"column":83}}],"line":49},"6":{"loc":{"start":{"line":53,"column":51},"end":{"line":53,"column":73}},"type":"cond-expr","locations":[{"start":{"line":53,"column":60},"end":{"line":53,"column":71}},{"start":{"line":53,"column":71},"end":{"line":53,"column":73}}],"line":53},"7":{"loc":{"start":{"line":56,"column":34},"end":{"line":56,"column":54}},"type":"cond-expr","locations":[{"start":{"line":56,"column":45},"end":{"line":56,"column":51}},{"start":{"line":56,"column":51},"end":{"line":56,"column":54}}],"line":56},"8":{"loc":{"start":{"line":56,"column":62},"end":{"line":56,"column":99}},"type":"cond-expr","locations":[{"start":{"line":56,"column":73},"end":{"line":56,"column":89}},{"start":{"line":56,"column":89},"end":{"line":56,"column":99}}],"line":56},"9":{"loc":{"start":{"line":62,"column":27},"end":{"line":62,"column":null}},"type":"cond-expr","locations":[{"start":{"line":62,"column":44},"end":{"line":62,"column":65}},{"start":{"line":62,"column":65},"end":{"line":62,"column":null}}],"line":62},"10":{"loc":{"start":{"line":64,"column":21},"end":{"line":64,"column":null}},"type":"cond-expr","locations":[{"start":{"line":64,"column":38},"end":{"line":64,"column":61}},{"start":{"line":64,"column":61},"end":{"line":64,"column":null}}],"line":64},"11":{"loc":{"start":{"line":70,"column":35},"end":{"line":70,"column":null}},"type":"cond-expr","locations":[{"start":{"line":70,"column":44},"end":{"line":70,"column":63}},{"start":{"line":70,"column":63},"end":{"line":70,"column":null}}],"line":70},"12":{"loc":{"start":{"line":78,"column":13},"end":{"line":92,"column":null}},"type":"binary-expr","locations":[{"start":{"line":78,"column":13},"end":{"line":78,"column":null}},{"start":{"line":79,"column":16},"end":{"line":92,"column":null}}],"line":78},"13":{"loc":{"start":{"line":83,"column":62},"end":{"line":83,"column":102}},"type":"cond-expr","locations":[{"start":{"line":83,"column":87},"end":{"line":83,"column":100}},{"start":{"line":83,"column":100},"end":{"line":83,"column":102}}],"line":83}},"s":{"0":0,"1":0,"2":0,"3":0,"4":0,"5":0,"6":0,"7":0,"8":0,"9":0,"10":0,"11":0,"12":0,"13":0,"14":0,"15":0,"16":0,"17":0,"18":0},"f":{"0":0,"1":0,"2":0,"3":0,"4":0,"5":0,"6":0,"7":0},"b":{"0":[0],"1":[0],"2":[0,0],"3":[0,0],"4":[0,0],"5":[0,0],"6":[0,0],"7":[0,0],"8":[0,0],"9":[0,0],"10":[0,0],"11":[0,0],"12":[0,0],"13":[0,0]},"meta":{"lastBranch":14,"lastFunction":8,"lastStatement":19,"seen":{"s:17:28:96:Infinity":0,"f:17:28:17:56":0,"b:21:18:21:Infinity":0,"b:22:15:22:Infinity":1,"s:24:28:24:Infinity":1,"s:25:10:25:Infinity":2,"s:27:4:35:Infinity":3,"f:27:14:27:20":1,"s:28:35:32:Infinity":4,"f:28:35:28:36":2,"b:29:12:31:Infinity:undefined:undefined:undefined:undefined":2,"s:29:12:31:Infinity":5,"b:29:16:29:40:29:40:29:94":3,"s:30:16:30:Infinity":6,"s:33:8:33:Infinity":7,"s:34:8:34:Infinity":8,"f:34:15:34:21":3,"s:34:21:34:Infinity":9,"s:37:27:37:Infinity":10,"f:37:40:37:47":4,"s:37:47:37:66":11,"s:39:25:43:Infinity":12,"f:39:25:39:31":5,"b:40:8:42:Infinity:undefined:undefined:undefined:undefined":4,"s:40:8:42:Infinity":13,"s:41:12:41:Infinity":14,"s:45:4:94:Infinity":15,"b:49:75:49:81:49:81:49:83":5,"b:53:60:53:71:53:71:53:73":6,"b:56:45:56:51:56:51:56:54":7,"b:56:73:56:89:56:89:56:99":8,"b:62:44:62:65:62:65:62:Infinity":9,"b:64:38:64:61:64:61:64:Infinity":10,"b:70:44:70:63:70:63:70:Infinity":11,"b:78:13:78:Infinity:79:16:92:Infinity":12,"f:80:33:80:34":6,"s:81:24:90:Infinity":16,"b:83:87:83:100:83:100:83:102":13,"f:84:37:84:43":7,"s:85:32:85:Infinity":17,"s:86:32:86:Infinity":18},"fnNames":{}}}
,"C:\\Users\\Gustavo H. Martins\\tcc\\frontend-sindigo\\frontend\\src\\components\\PrivateRoute.tsx": {"path":"C:\\Users\\Gustavo H. Martins\\tcc\\frontend-sindigo\\frontend\\src\\components\\PrivateRoute.tsx","statementMap":{"0":{"start":{"line":11,"column":57},"end":{"line":57,"column":null}},"1":{"start":{"line":16,"column":44},"end":{"line":16,"column":null}},"2":{"start":{"line":17,"column":32},"end":{"line":17,"column":null}},"3":{"start":{"line":19,"column":2},"end":{"line":21,"column":null}},"4":{"start":{"line":20,"column":4},"end":{"line":20,"column":null}},"5":{"start":{"line":23,"column":30},"end":{"line":38,"column":null}},"6":{"start":{"line":25,"column":4},"end":{"line":29,"column":null}},"7":{"start":{"line":26,"column":6},"end":{"line":26,"column":null}},"8":{"start":{"line":27,"column":6},"end":{"line":27,"column":null}},"9":{"start":{"line":28,"column":6},"end":{"line":28,"column":null}},"10":{"start":{"line":32,"column":23},"end":{"line":32,"column":null}},"11":{"start":{"line":33,"column":4},"end":{"line":35,"column":null}},"12":{"start":{"line":34,"column":6},"end":{"line":34,"column":null}},"13":{"start":{"line":36,"column":4},"end":{"line":36,"column":null}},"14":{"start":{"line":37,"column":4},"end":{"line":37,"column":null}},"15":{"start":{"line":40,"column":2},"end":{"line":42,"column":null}},"16":{"start":{"line":41,"column":4},"end":{"line":41,"column":null}},"17":{"start":{"line":44,"column":2},"end":{"line":46,"column":null}},"18":{"start":{"line":45,"column":4},"end":{"line":45,"column":null}},"19":{"start":{"line":48,"column":2},"end":{"line":50,"column":null}},"20":{"start":{"line":49,"column":4},"end":{"line":49,"column":null}},"21":{"start":{"line":52,"column":2},"end":{"line":54,"column":null}},"22":{"start":{"line":53,"column":4},"end":{"line":53,"column":null}},"23":{"start":{"line":56,"column":2},"end":{"line":56,"column":null}}},"fnMap":{"0":{"name":"(anonymous_0)","decl":{"start":{"line":11,"column":57},"end":{"line":11,"column":58}},"loc":{"start":{"line":15,"column":6},"end":{"line":57,"column":null}},"line":15},"1":{"name":"(anonymous_1)","decl":{"start":{"line":19,"column":12},"end":{"line":19,"column":18}},"loc":{"start":{"line":19,"column":18},"end":{"line":21,"column":5}},"line":19},"2":{"name":"(anonymous_2)","decl":{"start":{"line":23,"column":30},"end":{"line":23,"column":42}},"loc":{"start":{"line":23,"column":42},"end":{"line":38,"column":null}},"line":23}},"branchMap":{"0":{"loc":{"start":{"line":25,"column":4},"end":{"line":29,"column":null}},"type":"if","locations":[{"start":{"line":25,"column":4},"end":{"line":29,"column":null}},{"start":{},"end":{}}],"line":25},"1":{"loc":{"start":{"line":33,"column":4},"end":{"line":35,"column":null}},"type":"if","locations":[{"start":{"line":33,"column":4},"end":{"line":35,"column":null}},{"start":{},"end":{}}],"line":33},"2":{"loc":{"start":{"line":40,"column":2},"end":{"line":42,"column":null}},"type":"if","locations":[{"start":{"line":40,"column":2},"end":{"line":42,"column":null}},{"start":{},"end":{}}],"line":40},"3":{"loc":{"start":{"line":44,"column":2},"end":{"line":46,"column":null}},"type":"if","locations":[{"start":{"line":44,"column":2},"end":{"line":46,"column":null}},{"start":{},"end":{}}],"line":44},"4":{"loc":{"start":{"line":48,"column":2},"end":{"line":50,"column":null}},"type":"if","locations":[{"start":{"line":48,"column":2},"end":{"line":50,"column":null}},{"start":{},"end":{}}],"line":48},"5":{"loc":{"start":{"line":52,"column":2},"end":{"line":54,"column":null}},"type":"if","locations":[{"start":{"line":52,"column":2},"end":{"line":54,"column":null}},{"start":{},"end":{}}],"line":52}},"s":{"0":0,"1":0,"2":0,"3":0,"4":0,"5":0,"6":0,"7":0,"8":0,"9":0,"10":0,"11":0,"12":0,"13":0,"14":0,"15":0,"16":0,"17":0,"18":0,"19":0,"20":0,"21":0,"22":0,"23":0},"f":{"0":0,"1":0,"2":0},"b":{"0":[0,0],"1":[0,0],"2":[0,0],"3":[0,0],"4":[0,0],"5":[0,0]},"meta":{"lastBranch":6,"lastFunction":3,"lastStatement":24,"seen":{"s:11:57:57:Infinity":0,"f:11:57:11:58":0,"s:16:44:16:Infinity":1,"s:17:32:17:Infinity":2,"s:19:2:21:Infinity":3,"f:19:12:19:18":1,"s:20:4:20:Infinity":4,"s:23:30:38:Infinity":5,"f:23:30:23:42":2,"b:25:4:29:Infinity:undefined:undefined:undefined:undefined":0,"s:25:4:29:Infinity":6,"s:26:6:26:Infinity":7,"s:27:6:27:Infinity":8,"s:28:6:28:Infinity":9,"s:32:23:32:Infinity":10,"b:33:4:35:Infinity:undefined:undefined:undefined:undefined":1,"s:33:4:35:Infinity":11,"s:34:6:34:Infinity":12,"s:36:4:36:Infinity":13,"s:37:4:37:Infinity":14,"b:40:2:42:Infinity:undefined:undefined:undefined:undefined":2,"s:40:2:42:Infinity":15,"s:41:4:41:Infinity":16,"b:44:2:46:Infinity:undefined:undefined:undefined:undefined":3,"s:44:2:46:Infinity":17,"s:45:4:45:Infinity":18,"b:48:2:50:Infinity:undefined:undefined:undefined:undefined":4,"s:48:2:50:Infinity":19,"s:49:4:49:Infinity":20,"b:52:2:54:Infinity:undefined:undefined:undefined:undefined":5,"s:52:2:54:Infinity":21,"s:53:4:53:Infinity":22,"s:56:2:56:Infinity":23},"fnNames":{}}}
,"C:\\Users\\Gustavo H. Martins\\tcc\\frontend-sindigo\\frontend\\src\\components\\ProtectedRoute.tsx": {"path":"C:\\Users\\Gustavo H. Martins\\tcc\\frontend-sindigo\\frontend\\src\\components\\ProtectedRoute.tsx","statementMap":{"0":{"start":{"line":11,"column":61},"end":{"line":24,"column":null}},"1":{"start":{"line":12,"column":17},"end":{"line":12,"column":null}},"2":{"start":{"line":13,"column":19},"end":{"line":13,"column":null}},"3":{"start":{"line":15,"column":2},"end":{"line":17,"column":null}},"4":{"start":{"line":16,"column":4},"end":{"line":16,"column":null}},"5":{"start":{"line":19,"column":2},"end":{"line":21,"column":null}},"6":{"start":{"line":20,"column":4},"end":{"line":20,"column":null}},"7":{"start":{"line":23,"column":2},"end":{"line":23,"column":null}}},"fnMap":{"0":{"name":"(anonymous_0)","decl":{"start":{"line":11,"column":61},"end":{"line":11,"column":62}},"loc":{"start":{"line":11,"column":113},"end":{"line":24,"column":null}},"line":11}},"branchMap":{"0":{"loc":{"start":{"line":11,"column":78},"end":{"line":11,"column":98}},"type":"default-arg","locations":[{"start":{"line":11,"column":93},"end":{"line":11,"column":98}}],"line":11},"1":{"loc":{"start":{"line":15,"column":2},"end":{"line":17,"column":null}},"type":"if","locations":[{"start":{"line":15,"column":2},"end":{"line":17,"column":null}},{"start":{},"end":{}}],"line":15},"2":{"loc":{"start":{"line":19,"column":2},"end":{"line":21,"column":null}},"type":"if","locations":[{"start":{"line":19,"column":2},"end":{"line":21,"column":null}},{"start":{},"end":{}}],"line":19},"3":{"loc":{"start":{"line":19,"column":6},"end":{"line":19,"column":90}},"type":"binary-expr","locations":[{"start":{"line":19,"column":6},"end":{"line":19,"column":23}},{"start":{"line":19,"column":23},"end":{"line":19,"column":36}},{"start":{"line":19,"column":36},"end":{"line":19,"column":90}}],"line":19},"4":{"loc":{"start":{"line":23,"column":9},"end":{"line":23,"column":null}},"type":"cond-expr","locations":[{"start":{"line":23,"column":20},"end":{"line":23,"column":38}},{"start":{"line":23,"column":38},"end":{"line":23,"column":null}}],"line":23}},"s":{"0":1,"1":5,"2":5,"3":5,"4":1,"5":4,"6":2,"7":2},"f":{"0":5},"b":{"0":[5],"1":[1,4],"2":[2,2],"3":[4,4,4],"4":[1,1]},"meta":{"lastBranch":5,"lastFunction":1,"lastStatement":8,"seen":{"s:11:61:24:Infinity":0,"f:11:61:11:62":0,"b:11:93:11:98":0,"s:12:17:12:Infinity":1,"s:13:19:13:Infinity":2,"b:15:2:17:Infinity:undefined:undefined:undefined:undefined":1,"s:15:2:17:Infinity":3,"s:16:4:16:Infinity":4,"b:19:2:21:Infinity:undefined:undefined:undefined:undefined":2,"s:19:2:21:Infinity":5,"b:19:6:19:23:19:23:19:36:19:36:19:90":3,"s:20:4:20:Infinity":6,"s:23:2:23:Infinity":7,"b:23:20:23:38:23:38:23:Infinity":4},"fnNames":{}}}
,"C:\\Users\\Gustavo H. Martins\\tcc\\frontend-sindigo\\frontend\\src\\components\\StatusBadge.tsx": {"path":"C:\\Users\\Gustavo H. Martins\\tcc\\frontend-sindigo\\frontend\\src\\components\\StatusBadge.tsx","statementMap":{"0":{"start":{"line":10,"column":55},"end":{"line":29,"column":null}},"1":{"start":{"line":11,"column":21},"end":{"line":11,"column":null}},"2":{"start":{"line":13,"column":4},"end":{"line":19,"column":null}},"3":{"start":{"line":14,"column":8},"end":{"line":14,"column":null}},"4":{"start":{"line":15,"column":4},"end":{"line":19,"column":null}},"5":{"start":{"line":16,"column":8},"end":{"line":16,"column":null}},"6":{"start":{"line":17,"column":4},"end":{"line":19,"column":null}},"7":{"start":{"line":18,"column":8},"end":{"line":18,"column":null}},"8":{"start":{"line":21,"column":20},"end":{"line":21,"column":null}},"9":{"start":{"line":22,"column":23},"end":{"line":22,"column":null}},"10":{"start":{"line":24,"column":4},"end":{"line":27,"column":null}}},"fnMap":{"0":{"name":"(anonymous_0)","decl":{"start":{"line":10,"column":55},"end":{"line":10,"column":56}},"loc":{"start":{"line":10,"column":96},"end":{"line":29,"column":null}},"line":10}},"branchMap":{"0":{"loc":{"start":{"line":10,"column":71},"end":{"line":10,"column":90}},"type":"default-arg","locations":[{"start":{"line":10,"column":80},"end":{"line":10,"column":90}}],"line":10},"1":{"loc":{"start":{"line":13,"column":4},"end":{"line":19,"column":null}},"type":"if","locations":[{"start":{"line":13,"column":4},"end":{"line":19,"column":null}},{"start":{"line":15,"column":4},"end":{"line":19,"column":null}}],"line":13},"2":{"loc":{"start":{"line":15,"column":4},"end":{"line":19,"column":null}},"type":"if","locations":[{"start":{"line":15,"column":4},"end":{"line":19,"column":null}},{"start":{"line":17,"column":4},"end":{"line":19,"column":null}}],"line":15},"3":{"loc":{"start":{"line":17,"column":4},"end":{"line":19,"column":null}},"type":"if","locations":[{"start":{"line":17,"column":4},"end":{"line":19,"column":null}},{"start":{},"end":{}}],"line":17},"4":{"loc":{"start":{"line":21,"column":20},"end":{"line":21,"column":null}},"type":"cond-expr","locations":[{"start":{"line":21,"column":27},"end":{"line":21,"column":35}},{"start":{"line":21,"column":35},"end":{"line":21,"column":null}}],"line":21},"5":{"loc":{"start":{"line":21,"column":35},"end":{"line":21,"column":null}},"type":"cond-expr","locations":[{"start":{"line":21,"column":49},"end":{"line":21,"column":70}},{"start":{"line":21,"column":70},"end":{"line":21,"column":null}}],"line":21},"6":{"loc":{"start":{"line":21,"column":73},"end":{"line":21,"column":83}},"type":"binary-expr","locations":[{"start":{"line":21,"column":73},"end":{"line":21,"column":82}},{"start":{"line":21,"column":82},"end":{"line":21,"column":83}}],"line":21}},"s":{"0":2,"1":15,"2":15,"3":8,"4":7,"5":1,"6":6,"7":1,"8":15,"9":15,"10":15},"f":{"0":15},"b":{"0":[15],"1":[8,7],"2":[1,6],"3":[1,5],"4":[1,14],"5":[1,13],"6":[13,5]},"meta":{"lastBranch":7,"lastFunction":1,"lastStatement":11,"seen":{"s:10:55:29:Infinity":0,"f:10:55:10:56":0,"b:10:80:10:90":0,"s:11:21:11:Infinity":1,"b:13:4:19:Infinity:15:4:19:Infinity":1,"s:13:4:19:Infinity":2,"s:14:8:14:Infinity":3,"b:15:4:19:Infinity:17:4:19:Infinity":2,"s:15:4:19:Infinity":4,"s:16:8:16:Infinity":5,"b:17:4:19:Infinity:undefined:undefined:undefined:undefined":3,"s:17:4:19:Infinity":6,"s:18:8:18:Infinity":7,"s:21:20:21:Infinity":8,"b:21:27:21:35:21:35:21:Infinity":4,"b:21:49:21:70:21:70:21:Infinity":5,"b:21:73:21:82:21:82:21:83":6,"s:22:23:22:Infinity":9,"s:24:4:27:Infinity":10},"fnNames":{}}}
,"C:\\Users\\Gustavo H. Martins\\tcc\\frontend-sindigo\\frontend\\src\\services\\userService.ts": {"path":"C:\\Users\\Gustavo H. Martins\\tcc\\frontend-sindigo\\frontend\\src\\services\\userService.ts","statementMap":{"0":{"start":{"line":20,"column":4},"end":{"line":32,"column":null}},"1":{"start":{"line":21,"column":23},"end":{"line":24,"column":null}},"2":{"start":{"line":25,"column":6},"end":{"line":25,"column":null}},"3":{"start":{"line":27,"column":6},"end":{"line":27,"column":null}},"4":{"start":{"line":28,"column":6},"end":{"line":30,"column":null}},"5":{"start":{"line":29,"column":8},"end":{"line":29,"column":null}},"6":{"start":{"line":31,"column":6},"end":{"line":31,"column":null}}},"fnMap":{"0":{"name":"changeUserRole","decl":{"start":{"line":19,"column":15},"end":{"line":19,"column":30}},"loc":{"start":{"line":19,"column":108},"end":{"line":33,"column":null}},"line":19}},"branchMap":{"0":{"loc":{"start":{"line":28,"column":6},"end":{"line":30,"column":null}},"type":"if","locations":[{"start":{"line":28,"column":6},"end":{"line":30,"column":null}},{"start":{},"end":{}}],"line":28},"1":{"loc":{"start":{"line":28,"column":10},"end":{"line":28,"column":59}},"type":"binary-expr","locations":[{"start":{"line":28,"column":10},"end":{"line":28,"column":28}},{"start":{"line":28,"column":28},"end":{"line":28,"column":59}}],"line":28},"2":{"loc":{"start":{"line":31,"column":22},"end":{"line":31,"column":87}},"type":"binary-expr","locations":[{"start":{"line":31,"column":22},"end":{"line":31,"column":53}},{"start":{"line":31,"column":53},"end":{"line":31,"column":87}}],"line":31}},"s":{"0":4,"1":4,"2":1,"3":3,"4":3,"5":1,"6":2},"f":{"0":1},"b":{"0":[1,2],"1":[3,2],"2":[2,1]},"meta":{"lastBranch":3,"lastFunction":1,"lastStatement":7,"seen":{"f:19:15:19:30":0,"s:20:4:32:Infinity":0,"s:21:23:24:Infinity":1,"s:25:6:25:Infinity":2,"s:27:6:27:Infinity":3,"b:28:6:30:Infinity:undefined:undefined:undefined:undefined":0,"s:28:6:30:Infinity":4,"b:28:10:28:28:28:28:28:59":1,"s:29:8:29:Infinity":5,"s:31:6:31:Infinity":6,"b:31:22:31:53:31:53:31:87":2},"fnNames":{}}}
,"C:\\Users\\Gustavo H. Martins\\tcc\\frontend-sindigo\\frontend\\src\\types\\index.ts": {"path":"C:\\Users\\Gustavo H. Martins\\tcc\\frontend-sindigo\\frontend\\src\\types\\index.ts","statementMap":{},"fnMap":{},"branchMap":{},"s":{},"f":{},"b":{},"meta":{"lastBranch":0,"lastFunction":0,"lastStatement":0,"seen":{},"fnNames":{}}}
}
