TN:
SF:src\components\BuildingCard.tsx
FN:12,(anonymous_0)
FN:48,(anonymous_1)
FNF:2
FNH:2
FNDA:7,(anonymous_0)
FNDA:1,(anonymous_1)
DA:12,1
DA:13,7
DA:48,1
LF:3
LH:3
BRDA:21,0,0,1
BRDA:21,0,1,6
BRDA:34,1,0,1
BRDA:34,1,1,6
BRF:4
BRH:4
end_of_record
TN:
SF:src\components\CustomSelect.tsx
FN:17,(anonymous_0)
FN:27,(anonymous_1)
FN:28,(anonymous_2)
FN:34,(anonymous_3)
FN:37,(anonymous_4)
FN:39,(anonymous_5)
FN:80,(anonymous_6)
FN:84,(anonymous_7)
FNF:8
FNH:0
FNDA:0,(anonymous_0)
FNDA:0,(anonymous_1)
FNDA:0,(anonymous_2)
FNDA:0,(anonymous_3)
FNDA:0,(anonymous_4)
FNDA:0,(anonymous_5)
FNDA:0,(anonymous_6)
FNDA:0,(anonymous_7)
DA:17,0
DA:24,0
DA:25,0
DA:27,0
DA:28,0
DA:29,0
DA:30,0
DA:33,0
DA:34,0
DA:37,0
DA:39,0
DA:40,0
DA:41,0
DA:45,0
DA:81,0
DA:85,0
DA:86,0
LF:17
LH:0
BRDA:21,0,0,0
BRDA:22,1,0,0
BRDA:29,2,0,0
BRDA:29,2,1,0
BRDA:29,3,0,0
BRDA:29,3,1,0
BRDA:40,4,0,0
BRDA:40,4,1,0
BRDA:49,5,0,0
BRDA:49,5,1,0
BRDA:53,6,0,0
BRDA:53,6,1,0
BRDA:56,7,0,0
BRDA:56,7,1,0
BRDA:56,8,0,0
BRDA:56,8,1,0
BRDA:62,9,0,0
BRDA:62,9,1,0
BRDA:64,10,0,0
BRDA:64,10,1,0
BRDA:70,11,0,0
BRDA:70,11,1,0
BRDA:78,12,0,0
BRDA:78,12,1,0
BRDA:83,13,0,0
BRDA:83,13,1,0
BRF:26
BRH:0
end_of_record
TN:
SF:src\components\PrivateRoute.tsx
FN:11,(anonymous_0)
FN:19,(anonymous_1)
FN:23,(anonymous_2)
FNF:3
FNH:0
FNDA:0,(anonymous_0)
FNDA:0,(anonymous_1)
FNDA:0,(anonymous_2)
DA:11,0
DA:16,0
DA:17,0
DA:19,0
DA:20,0
DA:23,0
DA:25,0
DA:26,0
DA:27,0
DA:28,0
DA:32,0
DA:33,0
DA:34,0
DA:36,0
DA:37,0
DA:40,0
DA:41,0
DA:44,0
DA:45,0
DA:48,0
DA:49,0
DA:52,0
DA:53,0
DA:56,0
LF:24
LH:0
BRDA:25,0,0,0
BRDA:25,0,1,0
BRDA:33,1,0,0
BRDA:33,1,1,0
BRDA:40,2,0,0
BRDA:40,2,1,0
BRDA:44,3,0,0
BRDA:44,3,1,0
BRDA:48,4,0,0
BRDA:48,4,1,0
BRDA:52,5,0,0
BRDA:52,5,1,0
BRF:12
BRH:0
end_of_record
TN:
SF:src\components\ProtectedRoute.tsx
FN:11,(anonymous_0)
FNF:1
FNH:1
FNDA:5,(anonymous_0)
DA:11,1
DA:12,5
DA:13,5
DA:15,5
DA:16,1
DA:19,4
DA:20,2
DA:23,2
LF:8
LH:8
BRDA:11,0,0,5
BRDA:15,1,0,1
BRDA:15,1,1,4
BRDA:19,2,0,2
BRDA:19,2,1,2
BRDA:19,3,0,4
BRDA:19,3,1,4
BRDA:19,3,2,4
BRDA:23,4,0,1
BRDA:23,4,1,1
BRF:10
BRH:10
end_of_record
TN:
SF:src\components\StatusBadge.tsx
FN:10,(anonymous_0)
FNF:1
FNH:1
FNDA:15,(anonymous_0)
DA:10,2
DA:11,15
DA:13,15
DA:14,8
DA:15,7
DA:16,1
DA:17,6
DA:18,1
DA:21,15
DA:22,15
DA:24,15
LF:11
LH:11
BRDA:10,0,0,15
BRDA:13,1,0,8
BRDA:13,1,1,7
BRDA:15,2,0,1
BRDA:15,2,1,6
BRDA:17,3,0,1
BRDA:17,3,1,5
BRDA:21,4,0,1
BRDA:21,4,1,14
BRDA:21,5,0,1
BRDA:21,5,1,13
BRDA:21,6,0,13
BRDA:21,6,1,5
BRF:13
BRH:13
end_of_record
TN:
SF:src\services\userService.ts
FN:19,changeUserRole
FNF:1
FNH:1
FNDA:1,changeUserRole
DA:20,4
DA:21,4
DA:25,1
DA:27,3
DA:28,3
DA:29,1
DA:31,2
LF:7
LH:7
BRDA:28,0,0,1
BRDA:28,0,1,2
BRDA:28,1,0,3
BRDA:28,1,1,2
BRDA:31,2,0,2
BRDA:31,2,1,1
BRF:6
BRH:6
end_of_record
TN:
SF:src\types\index.ts
FNF:0
FNH:0
LF:0
LH:0
BRF:0
BRH:0
end_of_record
